This is pdfTeX, Version 3.141592653-2.6-1.40.29 (MiKTeX 26.2) (preloaded format=pdflatex 2026.3.31)  10 JUN 2026 16:04
entering extended mode
 restricted \write18 enabled.
 %&-line parsing enabled.
**./USPSC-modelo-IFSCe.tex
(USPSC-modelo-IFSCe.tex
LaTeX2e <2025-11-01>
L3 programming layer <2026-01-19>
(USPSC-classe/USPSC.cls
Document Class: USPSC-classe/USPSC 01/06/2021 v3.1 USPSC
(C:\Users\camil\AppData\Local\Programs\MiKTeX\tex/latex/base\ifthen.sty
Package: ifthen 2024/03/16 v1.1e Standard LaTeX ifthen package (DPC)
)
(C:\Users\camil\AppData\Local\Programs\MiKTeX\tex/latex/memoir\memoir.cls
Document Class: memoir 2025/11/04 v3.8.4b configurable book, report, article do
cument class
(C:\Users\camil\AppData\Local\Programs\MiKTeX\tex/latex/xpatch\xpatch.sty
(C:\Users\camil\AppData\Local\Programs\MiKTeX\tex/latex/l3kernel\expl3.sty
Package: expl3 2026-01-19 L3 programming layer (loader) 

(C:\Users\camil\AppData\Local\Programs\MiKTeX\tex/latex/l3backend\l3backend-pdf
tex.def
File: l3backend-pdftex.def 2025-10-09 L3 backend support: PDF output (pdfTeX)
\l__color_backend_stack_int=\count275
))
Package: xpatch 2020/03/25 v0.3a Extending etoolbox patching commands

(C:\Users\camil\AppData\Local\Programs\MiKTeX\tex/latex/l3packages/xparse\xpars
e.sty
Package: xparse 2025-10-09 L3 Experimental document command parser
)
(C:\Users\camil\AppData\Local\Programs\MiKTeX\tex/latex/etoolbox\etoolbox.sty
Package: etoolbox 2025/10/02 v2.5m e-TeX tools for LaTeX (JAW)
\etb@tempcnta=\count276
))
\onelineskip=\skip49
\lxvchars=\skip50
\xlvchars=\skip51
\@memcnta=\count277
\c@@memmarkcntra=\count278
(C:\Users\camil\AppData\Local\Programs\MiKTeX\tex/generic/iftex\iftex.sty
Package: iftex 2024/12/12 v1.0g TeX engine tests
)
\trimtop=\skip52
\trimedge=\skip53

(C:\Users\camil\AppData\Local\Programs\MiKTeX\tex/latex/memoir\mem12.clo
File: mem12.clo 2022/07/29 v0.5 memoir class 12pt size option
)
\binding=\skip54
\spinemargin=\skip55
\foremargin=\skip56
\uppermargin=\skip57
\lowermargin=\skip58
\headdrop=\skip59
\normalrulethickness=\skip60
\mem@maxheadheight=\skip61
\mem@maxfootheight=\skip62
\headwidth=\skip63
\c@storedpagenumber=\count279
\memPD=\dimen148
\m@mabparskip=\skip64
\thanksmarkwidth=\skip65
\thanksmarksep=\skip66
\droptitle=\skip67
\c@book=\count280
\c@part=\count281
\c@chapter=\count282
\c@section=\count283
\c@subsection=\count284
\c@subsubsection=\count285
\c@paragraph=\count286
\c@subparagraph=\count287
\beforechapskip=\skip68
\midchapskip=\skip69
\afterchapskip=\skip70
\chapindent=\skip71
\bottomsectionskip=\skip72
\secindent=\skip73
\beforesecskip=\skip74
\aftersecskip=\skip75
\subsecindent=\skip76
\beforesubsecskip=\skip77
\aftersubsecskip=\skip78
\subsubsecindent=\skip79
\beforesubsubsecskip=\skip80
\aftersubsubsecskip=\skip81
\paraindent=\skip82
\beforeparaskip=\skip83
\afterparaskip=\skip84
\subparaindent=\skip85
\beforesubparaskip=\skip86
\aftersubparaskip=\skip87
\pfbreakskip=\skip88
\c@@ppsavesec=\count288
\c@@ppsaveapp=\count289
\ragrparindent=\dimen149
\everylistparindent=\dimen150
\parsepi=\skip89
\topsepi=\skip90
\itemsepi=\skip91
\parsepii=\skip92
\topsepii=\skip93
\topsepiii=\skip94
\itemsepii=\skip95
\itemsepiii=\skip96
\partopsepii=\skip97
\partopsepiii=\skip98
\m@msavetopsep=\skip99
\m@msavepartopsep=\skip100
\@enLab=\toks17
\abstitleskip=\skip101
\absleftindent=\skip102
\abs@leftindent=\dimen151
\absrightindent=\skip103
\absparindent=\skip104
\absparsep=\skip105
\c@vslineno=\count290
\c@poemline=\count291
\c@modulo@vs=\count292
\c@memfvsline=\count293
\vleftskip=\skip106
\vrightskip=\skip107
\stanzaskip=\skip108
\versewidth=\skip109
\vgap=\skip110
\vindent=\skip111
\vleftmargin=\dimen152
\c@verse=\count294
\c@chrsinstr=\count295
\beforepoemtitleskip=\skip112
\afterpoemtitleskip=\skip113
\c@poem=\count296
\beforePoemTitleskip=\skip114
\midPoemTitleskip=\skip115
\afterPoemTitleskip=\skip116

(C:\Users\camil\AppData\Local\Programs\MiKTeX\tex/latex/tools\array.sty
Package: array 2025/09/25 v2.6n Tabular extension package (FMi)
\col@sep=\dimen153
\ar@mcellbox=\box53
\extrarowheight=\dimen154
\NC@list=\toks18
\extratabsurround=\skip117
\backup@length=\skip118
\ar@cellbox=\box54
)
(C:\Users\camil\AppData\Local\Programs\MiKTeX\tex/latex/tools\dcolumn.sty
Package: dcolumn 2025/10/21 v1.06 decimal alignment package (DPC)
)
(C:\Users\camil\AppData\Local\Programs\MiKTeX\tex/latex/tools\delarray.sty
Package: delarray 2014/10/28 v1.01 array delimiter package (DPC)
)
(C:\Users\camil\AppData\Local\Programs\MiKTeX\tex/latex/tools\tabularx.sty
Package: tabularx 2023/12/11 v2.12a `tabularx' package (DPC)
\TX@col@width=\dimen155
\TX@old@table=\dimen156
\TX@old@col=\dimen157
\TX@target=\dimen158
\TX@delta=\dimen159
\TX@cols=\count297
\TX@ftn=\toks19
)
(C:\Users\camil\AppData\Local\Programs\MiKTeX\tex/latex/booktabs\booktabs.sty
Package: booktabs 2020/01/12 v1.61803398 Publication quality tables
\heavyrulewidth=\dimen160
\lightrulewidth=\dimen161
\cmidrulewidth=\dimen162
\belowrulesep=\dimen163
\belowbottomsep=\dimen164
\aboverulesep=\dimen165
\abovetopsep=\dimen166
\cmidrulesep=\dimen167
\cmidrulekern=\dimen168
\defaultaddspace=\dimen169
\@cmidla=\count298
\@cmidlb=\count299
\@aboverulesep=\dimen170
\@belowrulesep=\dimen171
\@thisruleclass=\count300
\@lastruleclass=\count301
\@thisrulewidth=\dimen172
)
\ctableftskip=\skip119
\ctabrightskip=\skip120
\abovecolumnspenalty=\count302
\@linestogo=\count303
\@cellstogo=\count304
\@cellsincolumn=\count305
\crtok=\toks20
\@mincolumnwidth=\dimen173
\c@newflo@tctr=\count306
\mem@margin@floatbox=\box55
\@contcwidth=\skip121
\@contindw=\skip122
\abovecaptionskip=\skip123
\belowcaptionskip=\skip124
\subfloattopskip=\skip125
\subfloatcapskip=\skip126
\subfloatcaptopadj=\skip127
\subfloatbottomskip=\skip128
\subfloatlabelskip=\skip129
\subfloatcapmargin=\dimen174
\c@@contsubnum=\count307
\m@mscap@capbox=\box56
\m@mscap@fbox=\box57
\sidecapsep=\dimen175
\sidecapwidth=\dimen176
\m@m@tempdima=\dimen177
\m@mscapraise=\dimen178
\sidecapraise=\dimen179
\m@mscapmainwidth=\dimen180
\m@mscaplkern=\dimen181
\beforeepigraphskip=\skip130
\afterepigraphskip=\skip131
\epigraphwidth=\skip132
\epigraphrule=\skip133

(C:\Users\camil\AppData\Local\Programs\MiKTeX\tex/latex/hyperref\nameref.sty
Package: nameref 2026-01-29 v2.58 Cross-referencing by name of section

(C:\Users\camil\AppData\Local\Programs\MiKTeX\tex/latex/refcount\refcount.sty
Package: refcount 2019/12/15 v3.6 Data extraction from label references (HO)

(C:\Users\camil\AppData\Local\Programs\MiKTeX\tex/generic/ltxcmds\ltxcmds.sty
Package: ltxcmds 2023-12-04 v1.26 LaTeX kernel commands for general use (HO)
)
(C:\Users\camil\AppData\Local\Programs\MiKTeX\tex/generic/infwarerr\infwarerr.s
ty
Package: infwarerr 2019/12/03 v1.5 Providing info/warning/error messages (HO)
))
(C:\Users\camil\AppData\Local\Programs\MiKTeX\tex/generic/gettitlestring\gettit
lestring.sty
Package: gettitlestring 2019/12/15 v1.6 Cleanup title references (HO)

(C:\Users\camil\AppData\Local\Programs\MiKTeX\tex/latex/kvoptions\kvoptions.sty
Package: kvoptions 2022-06-15 v3.15 Key value format for package options (HO)
(C:\Users\camil\AppData\Local\Programs\MiKTeX\tex/latex/graphics\keyval.sty
Package: keyval 2022/05/29 v1.15 key=value parser (DPC)
\KV@toks@=\toks21
)
(C:\Users\camil\AppData\Local\Programs\MiKTeX\tex/latex/kvsetkeys\kvsetkeys.sty
Package: kvsetkeys 2022-10-05 v1.19 Key value parser (HO)
)))
\c@section@level=\count308
)
\tocentryskip=\skip134
\tocbaseline=\skip135
\cftparskip=\skip136
\cftbeforebookskip=\skip137
\cftbookindent=\dimen182
\cftbooknumwidth=\dimen183
\cftbeforepartskip=\skip138
\cftpartindent=\skip139
\cftpartnumwidth=\skip140
\cftbeforechapterskip=\skip141
\cftchapterindent=\skip142
\cftchapternumwidth=\skip143
\cftbeforesectionskip=\skip144
\cftsectionindent=\skip145
\cftsectionnumwidth=\skip146
\cftbeforesubsectionskip=\skip147
\cftsubsectionindent=\skip148
\cftsubsectionnumwidth=\skip149
\cftbeforesubsubsectionskip=\skip150
\cftsubsubsectionindent=\skip151
\cftsubsubsectionnumwidth=\skip152
\cftbeforeparagraphskip=\skip153
\cftparagraphindent=\skip154
\cftparagraphnumwidth=\skip155
\cftbeforesubparagraphskip=\skip156
\cftsubparagraphindent=\skip157
\cftsubparagraphnumwidth=\skip158
\prechapterprecisshift=\dimen184
\c@maxsecnumdepth=\count309
\bibindent=\dimen185
\bibitemsep=\skip159
\indexcolsep=\skip160
\indexrule=\skip161
\indexmarkstyle=\toks22
\@indexbox=\insert252
LaTeX Info: Redefining \raggedbottom on input line 8095.
LaTeX Info: Redefining \flushbottom on input line 8099.
\glossarycolsep=\dimen186
\glossaryrule=\dimen187
\sideparvshift=\skip162
\sideins=\insert251
\sidebartopsep=\skip163
\sidebarhsep=\skip164
\sidebarvsep=\skip165
\sidebarwidth=\skip166
\footmarkwidth=\skip167
\footmarksep=\skip168
\footparindent=\skip169
\footinsdim=\skip170
\footinsv@r=\insert250
\@mpfootinsv@r=\insert249
\m@m@k=\count310
\m@m@h=\dimen188
\m@mipn@skip=\skip171
\sidefootins=\insert248
\sidefootadjust=\skip172
\sidefootheight=\skip173
\sidefoothsep=\skip174
\sidefootvsep=\skip175
\sidefootwidth=\skip176
\m@mdownsf=\skip177
\c@sidefootnote=\count311
\sidefootmarkwidth=\skip178
\sidefootmarksep=\skip179
\sidefootparindent=\skip180
\c@pagenote=\count312
\c@pagenoteshadow=\count313
\mem@pn@lastkern=\skip181
 (C:\Users\camil\AppData\Local\Programs\MiKTeX\tex/latex/tools\verbatim.sty
Package: verbatim 2024-01-22 v1.5x LaTeX2e package for verbatim enhancements
\every@verbatim=\toks23
\verbatim@line=\toks24
\verbatim@in@stream=\read2
)
\verbatimindent=\skip182
\verbatim@out=\write3
 (C:\Users\camil\AppData\Local\Programs\MiKTeX\tex/latex/base\shortvrb.sty
Package: shortvrb 2024/12/25 v3.0q Standard LaTeX documentation package V3 (FMi
)
)
\bvboxsep=\skip183
\c@memfbvline=\count314
\c@bvlinectr=\count315
\bvnumlength=\skip184
\fb@frw=\dimen189
\fb@frh=\dimen190
\FrameRule=\dimen191
\FrameSep=\dimen192
\c@cp@cntr=\count316
\c@ism@mctr=\count317
\c@xsm@mctr=\count318
\c@csm@mctr=\count319
\c@ksm@mctr=\count320
\c@xksm@mctr=\count321
\c@cksm@mctr=\count322
\c@msm@mctr=\count323
\c@xmsm@mctr=\count324
\c@cmsm@mctr=\count325
\c@bsm@mctr=\count326
\c@workm@mctr=\count327
\c@sheetsequence=\count328
\c@lastsheet=\count329
\c@lastpage=\count330
\c@figure=\count331
\c@lofdepth=\count332
\cftbeforefigureskip=\skip185
\cftfigureindent=\skip186
\cftfigurenumwidth=\skip187
\c@table=\count333
\c@lotdepth=\count334
\cftbeforetableskip=\skip188
\cfttableindent=\skip189
\cfttablenumwidth=\skip190
Package abstract [2008/07/23] emulated by memoir.
Package appendix [2008/07/23] emulated by memoir.
Package ccaption [2008/07/23] emulated by memoir.
Package changepage [2008/07/23] emulated by memoir.
Package chngcntr [2008/07/23] emulated by memoir.
Package chngpage [2008/07/23] emulated by memoir.
Package crop emulated by memoir.
Package enumerate [2008/07/23] emulated by memoir.
Package epigraph [2008/07/23] emulated by memoir.
Package ifmtarg [2008/07/23] emulated by memoir.
Package index [2008/07/23] emulated by memoir.
Package makeidx [2008/07/23] emulated by memoir.
Package moreverb [2008/07/23] emulated by memoir.
Package needspace [2008/07/23] emulated by memoir.
Package newfile [2008/07/23] emulated by memoir.
Package nextpage [2008/07/23] emulated by memoir.
Package pagenote [2008/07/23] emulated by memoir.
Package parskip [2008/07/23] emulated by memoir.
Package patchcmd [2008/07/23] emulated by memoir.
Package setspace [2008/07/23] emulated by memoir.
Package showidx [2008/07/23] emulated by memoir.
Package titleref [2008/07/23] emulated by memoir.
Package titling [2008/07/23] emulated by memoir.
Package tocbibind [2008/07/23] emulated by memoir.
Package tocloft [2008/07/23] emulated by memoir.
Package tocvsec2 [2008/07/23] emulated by memoir.
Package verse [2008/07/23] emulated by memoir.
)
(C:\Users\camil\AppData\Local\Programs\MiKTeX\tex/latex/graphics\color.sty
Package: color 2025/01/14 v1.3e Standard LaTeX Color (DPC)

(C:\Users\camil\AppData\Local\Programs\MiKTeX\tex/latex/graphics-cfg\color.cfg
File: color.cfg 2016/01/02 v1.6 sample color configuration
)
Package color Info: Driver file: pdftex.def on input line 149.

(C:\Users\camil\AppData\Local\Programs\MiKTeX\tex/latex/graphics-def\pdftex.def
File: pdftex.def 2025/09/29 v1.2d Graphics/color driver for pdftex
)
(C:\Users\camil\AppData\Local\Programs\MiKTeX\tex/latex/graphics\mathcolor.ltx)
) (C:\Users\camil\AppData\Local\Programs\MiKTeX\tex/latex/xcolor\xcolor.sty
Package: xcolor 2024/09/29 v3.02 LaTeX color extensions (UK)

(C:\Users\camil\AppData\Local\Programs\MiKTeX\tex/latex/graphics-cfg\color.cfg
File: color.cfg 2016/01/02 v1.6 sample color configuration
)
Package xcolor Info: Driver file: pdftex.def on input line 274.
LaTeX Info: Redefining \color on input line 762.
(C:\Users\camil\AppData\Local\Programs\MiKTeX\tex/latex/graphics\mathcolor.ltx)
Package xcolor Info: Model `cmy' substituted by `cmy0' on input line 1349.
Package xcolor Info: Model `hsb' substituted by `rgb' on input line 1353.
Package xcolor Info: Model `RGB' extended on input line 1365.
Package xcolor Info: Model `HTML' substituted by `rgb' on input line 1367.
Package xcolor Info: Model `Hsb' substituted by `hsb' on input line 1368.
Package xcolor Info: Model `tHsb' substituted by `hsb' on input line 1369.
Package xcolor Info: Model `HSB' substituted by `hsb' on input line 1370.
Package xcolor Info: Model `Gray' substituted by `gray' on input line 1371.
Package xcolor Info: Model `wave' substituted by `hsb' on input line 1372.
) (C:\Users\camil\AppData\Local\Programs\MiKTeX\tex/latex/textcase\textcase.sty
Package: textcase 2025/02/16 v1.05 Text only upper/lower case changing (DPC)
Package textcase Info: Defining Legacy names on input line 20.
) (C:\Users\camil\AppData\Local\Programs\MiKTeX\tex/latex/hyperref\hyperref.sty
Package: hyperref 2026-01-29 v7.01p Hypertext links for LaTeX

(C:\Users\camil\AppData\Local\Programs\MiKTeX\tex/generic/kvdefinekeys\kvdefine
keys.sty
Package: kvdefinekeys 2019-12-19 v1.6 Define keys (HO)
)
(C:\Users\camil\AppData\Local\Programs\MiKTeX\tex/generic/pdfescape\pdfescape.s
ty
Package: pdfescape 2019/12/09 v1.15 Implements pdfTeX's escape features (HO)

(C:\Users\camil\AppData\Local\Programs\MiKTeX\tex/generic/pdftexcmds\pdftexcmds
.sty
Package: pdftexcmds 2020-06-27 v0.33 Utility functions of pdfTeX for LuaTeX (HO
)
Package pdftexcmds Info: \pdf@primitive is available.
Package pdftexcmds Info: \pdf@ifprimitive is available.
Package pdftexcmds Info: \pdfdraftmode found.
))
(C:\Users\camil\AppData\Local\Programs\MiKTeX\tex/latex/hycolor\hycolor.sty
Package: hycolor 2020-01-27 v1.10 Color options for hyperref/bookmark (HO)
)
(C:\Users\camil\AppData\Local\Programs\MiKTeX\tex/generic/stringenc\stringenc.s
ty
Package: stringenc 2019/11/29 v1.12 Convert strings between diff. encodings (HO
)
)
\@linkdim=\dimen193
\Hy@linkcounter=\count335
\Hy@pagecounter=\count336
 (C:\Users\camil\AppData\Local\Programs\MiKTeX\tex/latex/hyperref\pd1enc.def
File: pd1enc.def 2026-01-29 v7.01p Hyperref: PDFDocEncoding definition (HO)
Now handling font encoding PD1 ...
... no UTF-8 mapping file for font encoding PD1
) (C:\Users\camil\AppData\Local\Programs\MiKTeX\tex/generic/intcalc\intcalc.sty
Package: intcalc 2019/12/15 v1.3 Expandable calculations with integers (HO)
)
\Hy@SavedSpaceFactor=\count337
 (C:\Users\camil\AppData\Local\Programs\MiKTeX\tex/latex/hyperref\puenc.def
File: puenc.def 2026-01-29 v7.01p Hyperref: PDF Unicode definition (HO)
Now handling font encoding PU ...
... no UTF-8 mapping file for font encoding PU
)
Package hyperref Info: Hyper figures OFF on input line 4201.
Package hyperref Info: Link nesting OFF on input line 4206.
Package hyperref Info: Hyper index ON on input line 4209.
Package hyperref Info: Plain pages OFF on input line 4216.
Package hyperref Info: Backreferencing OFF on input line 4221.
Package hyperref Info: Implicit mode ON; LaTeX internals redefined.
Package hyperref Info: Bookmarks ON on input line 4468.
\c@Hy@tempcnt=\count338

(C:\Users\camil\AppData\Local\Programs\MiKTeX\tex/latex/url\url.sty
\Urlmuskip=\muskip17
Package: url 2013/09/16  ver 3.4  Verb mode for urls, etc.
)
LaTeX Info: Redefining \url on input line 4807.
\XeTeXLinkMargin=\dimen194

(C:\Users\camil\AppData\Local\Programs\MiKTeX\tex/generic/bitset\bitset.sty
Package: bitset 2019/12/09 v1.3 Handle bit-vector datatype (HO)

(C:\Users\camil\AppData\Local\Programs\MiKTeX\tex/generic/bigintcalc\bigintcalc
.sty
Package: bigintcalc 2019/12/15 v1.5 Expandable calculations on big integers (HO
)
))
\Fld@menulength=\count339
\Field@Width=\dimen195
\Fld@charsize=\dimen196
Package hyperref Info: Hyper figures OFF on input line 6084.
Package hyperref Info: Link nesting OFF on input line 6089.
Package hyperref Info: Hyper index ON on input line 6092.
Package hyperref Info: backreferencing OFF on input line 6099.
Package hyperref Info: Link coloring OFF on input line 6104.
Package hyperref Info: Link coloring with OCG OFF on input line 6109.
Package hyperref Info: PDF/A mode OFF on input line 6114.
\Hy@abspage=\count340
\c@Item=\count341
\c@Hfootnote=\count342
)
Package hyperref Info: Driver (autodetected): hpdftex.

(C:\Users\camil\AppData\Local\Programs\MiKTeX\tex/latex/hyperref\hpdftex.def
File: hpdftex.def 2026-01-29 v7.01p Hyperref driver for pdfTeX
\Fld@listcount=\count343
\c@bookmark@seq@number=\count344

(C:\Users\camil\AppData\Local\Programs\MiKTeX\tex/latex/rerunfilecheck\rerunfil
echeck.sty
Package: rerunfilecheck 2025-06-21 v1.11 Rerun checks for auxiliary files (HO)

(C:\Users\camil\AppData\Local\Programs\MiKTeX\tex/generic/uniquecounter\uniquec
ounter.sty
Package: uniquecounter 2019/12/15 v1.4 Provide unlimited unique counter (HO)
)
Package uniquecounter Info: New unique counter `rerunfilecheck' on input line 2
84.
)
\Hy@SectionHShift=\skip191
)
(C:\Users\camil\AppData\Local\Programs\MiKTeX\tex/latex/memoir\memhfixc.sty
Package: memhfixc 2025/09/16 v1.24 hyperref package fixes for memoir class
\c@memhycontfloat=\count345
\c@mem@Hpagenote=\count346
)
(C:\Users\camil\AppData\Local\Programs\MiKTeX\tex/latex/bookmark\bookmark.sty
Package: bookmark 2023-12-10 v1.31 PDF bookmarks (HO)

(C:\Users\camil\AppData\Local\Programs\MiKTeX\tex/latex/bookmark\bkm-pdftex.def
File: bkm-pdftex.def 2023-12-10 v1.31 bookmark driver for pdfTeX and luaTeX (HO
)
\BKM@id=\count347
)) (C:\Users\camil\AppData\Local\Programs\MiKTeX\tex/generic/babel\babel.sty
Package: babel 2026/03/24 v26.5 The multilingual framework for LuaLaTeX, pdfLaT
eX and XeLaTeX
\babel@savecnt=\count348
LaTeX Encoding Info:    Redeclaring text command \ij (encoding OT1) on input li
ne 2078.
LaTeX Encoding Info:    Redeclaring text command \IJ (encoding OT1) on input li
ne 2080.
LaTeX Encoding Info:    Redeclaring text command \ij (encoding T1) on input lin
e 2082.
LaTeX Encoding Info:    Redeclaring text command \IJ (encoding T1) on input lin
e 2083.
LaTeX Encoding Info:    Ignoring declaration for text command \ij (encoding ?) 
on input line 2084.
LaTeX Encoding Info:    Ignoring declaration for text command \IJ (encoding ?) 
on input line 2086.
LaTeX Encoding Info:    Ignoring declaration for text command \SS (encoding ?) 
on input line 2111.
\U@D=\dimen197
\l@unhyphenated=\language79

(C:\Users\camil\AppData\Local\Programs\MiKTeX\tex/generic/babel\txtbabel.def)
\bbl@readstream=\read3
\bbl@dirlevel=\count349
Package babel Info: Configuration files are deprecated, as
(babel)             they can break document portability.
(babel)             Reported on input line 4206.

*************************************
* Local config file bblopts.cfg used
*
(C:\Users\camil\AppData\Local\Programs\MiKTeX\tex/latex/arabi\bblopts.cfg
File: bblopts.cfg 2005/09/08 v0.1 add Arabic and Farsi to "declared" options of
 babel
)
(C:\Users\camil\AppData\Local\Programs\MiKTeX\tex/generic/babel/locale/en\babel
-english.tex)
(C:\Users\camil\AppData\Local\Programs\MiKTeX\tex/generic/babel/locale/invalid\
babel-brazil.tex)
Package babel Info: Importing font and identification data for english
(babel)             from babel-en.ini. Reported on input line 4330.

(C:\Users\camil\AppData\Local\Programs\MiKTeX\tex/latex/babel-english\english.l
df
Language: english 2017/06/06 v3.3r English support from the babel system
Package babel Info: Hyphen rules for 'canadian' set to \l@english
(babel)             (\language0). Reported on input line 102.
Package babel Info: Hyphen rules for 'australian' set to \l@ukenglish
(babel)             (\language73). Reported on input line 105.
Package babel Info: Hyphen rules for 'newzealand' set to \l@ukenglish
(babel)             (\language73). Reported on input line 108.
)

Package babel Warning: Name 'brazil' is deprecated.
(babel)                Use 'brazilian' instead.
(babel)                Reported on input line 4330.

Package babel Info: Importing font and identification data for brazil
(babel)             from babel-pt-BR.ini. Reported on input line 4330.

(C:\Users\camil\AppData\Local\Programs\MiKTeX\tex/latex/babel-portuges\brazilia
n.ldf
Language: portuges 2026/01/24 v1.2u Portuguese support from the babel system
Package babel Info: Hyphen rules for 'brazil' set to \l@portuguese
(babel)             (\language56). Reported on input line 100.
Package babel Info: Making " an active character on input line 132.
))
(C:\Users\camil\AppData\Local\Programs\MiKTeX\tex/latex/enumitem\enumitem.sty
Package: enumitem 2025/02/06 v3.11 Customized lists
\labelindent=\skip192
\enit@outerparindent=\dimen198
\enit@toks=\toks25
\enit@inbox=\box58
\enit@count@id=\count350
\enitdp@description=\count351
)
(C:\Users\camil\AppData\Local\Programs\MiKTeX\tex/latex/tools\calc.sty
Package: calc 2025/03/01 v4.3b Infix arithmetic (KKT,FJ)
\calc@Acount=\count352
\calc@Bcount=\count353
\calc@Adimen=\dimen199
\calc@Bdimen=\dimen256
\calc@Askip=\skip193
\calc@Bskip=\skip194
LaTeX Info: Redefining \setlength on input line 86.
LaTeX Info: Redefining \addtolength on input line 87.
\calc@Ccount=\count354
\calc@Cskip=\skip195
)

******************************************************
Stock height and width: 845.04684pt by 597.50787pt
Top and edge trims: 0pt and 0pt
Page height and width: 845.04684pt by 597.50787pt
Text height and width: 708pt by 455pt
Spine and edge margins: 85.35826pt and 56.9055pt
Upper and lower margins: 85.35826pt and 51.68858pt
Headheight and headsep: 14.5pt and 19.8738pt
Footskip: 30pt
Columnsep and columnseprule: 10pt and 0pt
Marginparsep and marginparwidth: 7pt and 42.9055pt
Sidecapsep and sidecapwidth: 7pt and 92pt
Sidebarhsep and sidebarwidth: 7pt and 92pt
Sidebarvsep and sidebartopsep: 14.5pt and 0pt
Sidebarheight: 590.14995pt
Sidefoothsep and sidefootwidth: 7pt and 92pt
Sidefootvsep and sidefootheight: 14.5pt and 590.14995pt
******************************************************

\c@abntex@bookmarkcounter=\count355
\c@quadro=\count356
\c@loqdepth=\count357
\cftbeforequadroskip=\skip196
\cftquadroindent=\skip197
\cftquadronumwidth=\skip198
\cftlastnumwidth=\skip199

Class memoir Warning: \settocpreprocessor is marked deprecated and will be
(memoir)              removed in 2026, the problem it tried to solve 
(memoir)              (see manual, section 9.2.3),
(memoir)              has been fixed in the kernel, and the feature is
(memoir)              no longer needed. on input line 692.

\chapternamenumlength=\skip256
\ABNTEXcitacaorecuo=\skip257
\c@alineasi=\count358
\c@alineasii=\count359
\enitdp@alineas=\count360
\c@subalineasi=\count361
\enitdp@subalineas=\count362
\c@incisosi=\count363
\enitdp@incisos=\count364
\ABNTEXsignwidth=\skip258
\ABNTEXsignthickness=\skip259
\ABNTEXsignskip=\skip260

LaTeX Warning: \include should only be used after \begin{document} on input lin
e 1280.

(USPSC-unidades.tex))
(C:\Users\camil\AppData\Local\Programs\MiKTeX\tex/latex/amsmath\amsmath.sty
Package: amsmath 2025/07/09 v2.17z AMS math features
\@mathmargin=\skip261

For additional information on amsmath, use the `?' option.
(C:\Users\camil\AppData\Local\Programs\MiKTeX\tex/latex/amsmath\amstext.sty
Package: amstext 2024/11/17 v2.01 AMS text

(C:\Users\camil\AppData\Local\Programs\MiKTeX\tex/latex/amsmath\amsgen.sty
File: amsgen.sty 1999/11/30 v2.0 generic functions
\@emptytoks=\toks26
\ex@=\dimen257
))
(C:\Users\camil\AppData\Local\Programs\MiKTeX\tex/latex/amsmath\amsbsy.sty
Package: amsbsy 1999/11/29 v1.2d Bold Symbols
\pmbraise@=\dimen258
)
(C:\Users\camil\AppData\Local\Programs\MiKTeX\tex/latex/amsmath\amsopn.sty
Package: amsopn 2022/04/08 v2.04 operator names
)
\inf@bad=\count365
LaTeX Info: Redefining \frac on input line 233.
\uproot@=\count366
\leftroot@=\count367
LaTeX Info: Redefining \overline on input line 398.
LaTeX Info: Redefining \colon on input line 409.
\classnum@=\count368
\DOTSCASE@=\count369
LaTeX Info: Redefining \ldots on input line 495.
LaTeX Info: Redefining \dots on input line 498.
LaTeX Info: Redefining \cdots on input line 619.
\Mathstrutbox@=\box59
\strutbox@=\box60
LaTeX Info: Redefining \big on input line 721.
LaTeX Info: Redefining \Big on input line 722.
LaTeX Info: Redefining \bigg on input line 723.
LaTeX Info: Redefining \Bigg on input line 724.
\big@size=\dimen259
LaTeX Font Info:    Redeclaring font encoding OML on input line 742.
LaTeX Font Info:    Redeclaring font encoding OMS on input line 743.
\macc@depth=\count370
LaTeX Info: Redefining \bmod on input line 904.
LaTeX Info: Redefining \pmod on input line 909.
LaTeX Info: Redefining \smash on input line 939.
LaTeX Info: Redefining \relbar on input line 969.
LaTeX Info: Redefining \Relbar on input line 970.
\c@MaxMatrixCols=\count371
\dotsspace@=\muskip18
\c@parentequation=\count372
\dspbrk@lvl=\count373
\tag@help=\toks27
\row@=\count374
\column@=\count375
\maxfields@=\count376
\andhelp@=\toks28
\eqnshift@=\dimen260
\alignsep@=\dimen261
\tagshift@=\dimen262
\tagwidth@=\dimen263
\totwidth@=\dimen264
\lineht@=\dimen265
\@envbody=\toks29
\multlinegap=\skip262
\multlinetaggap=\skip263
\mathdisplay@stack=\toks30
LaTeX Info: Redefining \[ on input line 2950.
LaTeX Info: Redefining \] on input line 2951.
)
(C:\Users\camil\AppData\Local\Programs\MiKTeX\tex/latex/amsfonts\amsfonts.sty
Package: amsfonts 2013/01/14 v3.01 Basic AMSFonts support
\symAMSa=\mathgroup4
\symAMSb=\mathgroup5
LaTeX Font Info:    Redeclaring math symbol \hbar on input line 98.
LaTeX Font Info:    Overwriting math alphabet `\mathfrak' in version `bold'
(Font)                  U/euf/m/n --> U/euf/b/n on input line 106.
)
(C:\Users\camil\AppData\Local\Programs\MiKTeX\tex/latex/amsfonts\amssymb.sty
Package: amssymb 2013/01/14 v3.01 AMS font symbols
)
(C:\Users\camil\AppData\Local\Programs\MiKTeX\tex/latex/base\fontenc.sty
Package: fontenc 2025/07/18 v2.1d Standard LaTeX package
)
(C:\Users\camil\AppData\Local\Programs\MiKTeX\tex/latex/base\inputenc.sty
Package: inputenc 2024/02/08 v1.3d Input encoding file
\inpenc@prehook=\toks31
\inpenc@posthook=\toks32
)
(C:\Users\camil\AppData\Local\Programs\MiKTeX\tex/latex/lm\lmodern.sty
Package: lmodern 2015/05/01 v1.6.1 Latin Modern Fonts
LaTeX Font Info:    Overwriting symbol font `operators' in version `normal'
(Font)                  OT1/cmr/m/n --> OT1/lmr/m/n on input line 22.
LaTeX Font Info:    Overwriting symbol font `letters' in version `normal'
(Font)                  OML/cmm/m/it --> OML/lmm/m/it on input line 23.
LaTeX Font Info:    Overwriting symbol font `symbols' in version `normal'
(Font)                  OMS/cmsy/m/n --> OMS/lmsy/m/n on input line 24.
LaTeX Font Info:    Overwriting symbol font `largesymbols' in version `normal'
(Font)                  OMX/cmex/m/n --> OMX/lmex/m/n on input line 25.
LaTeX Font Info:    Overwriting symbol font `operators' in version `bold'
(Font)                  OT1/cmr/bx/n --> OT1/lmr/bx/n on input line 26.
LaTeX Font Info:    Overwriting symbol font `letters' in version `bold'
(Font)                  OML/cmm/b/it --> OML/lmm/b/it on input line 27.
LaTeX Font Info:    Overwriting symbol font `symbols' in version `bold'
(Font)                  OMS/cmsy/b/n --> OMS/lmsy/b/n on input line 28.
LaTeX Font Info:    Overwriting symbol font `largesymbols' in version `bold'
(Font)                  OMX/cmex/m/n --> OMX/lmex/m/n on input line 29.
LaTeX Font Info:    Overwriting math alphabet `\mathbf' in version `normal'
(Font)                  OT1/cmr/bx/n --> OT1/lmr/bx/n on input line 31.
LaTeX Font Info:    Overwriting math alphabet `\mathsf' in version `normal'
(Font)                  OT1/cmss/m/n --> OT1/lmss/m/n on input line 32.
LaTeX Font Info:    Overwriting math alphabet `\mathit' in version `normal'
(Font)                  OT1/cmr/m/it --> OT1/lmr/m/it on input line 33.
LaTeX Font Info:    Overwriting math alphabet `\mathtt' in version `normal'
(Font)                  OT1/cmtt/m/n --> OT1/lmtt/m/n on input line 34.
LaTeX Font Info:    Overwriting math alphabet `\mathbf' in version `bold'
(Font)                  OT1/cmr/bx/n --> OT1/lmr/bx/n on input line 35.
LaTeX Font Info:    Overwriting math alphabet `\mathsf' in version `bold'
(Font)                  OT1/cmss/bx/n --> OT1/lmss/bx/n on input line 36.
LaTeX Font Info:    Overwriting math alphabet `\mathit' in version `bold'
(Font)                  OT1/cmr/bx/it --> OT1/lmr/bx/it on input line 37.
LaTeX Font Info:    Overwriting math alphabet `\mathtt' in version `bold'
(Font)                  OT1/cmtt/m/n --> OT1/lmtt/m/n on input line 38.
)
(C:\Users\camil\AppData\Local\Programs\MiKTeX\tex/latex/lastpage\lastpage.sty
Package: lastpage 2025/08/14 v2.1h lastpage: 2.09 or 2e? (HMM)

(C:\Users\camil\AppData\Local\Programs\MiKTeX\tex/latex/lastpage\lastpage2e.sty
Package: lastpage2e 2025/08/14 v2.1h Decide which 2e lastpage version to use (H
MM)

(C:\Users\camil\AppData\Local\Programs\MiKTeX\tex/latex/lastpage\lastpagemodern
.sty
Package: lastpagemodern 2025-08-14 v2.1h Refers to last page's name (HMM; JPG)
\c@lastpagecount=\count377
) 
))
(C:\Users\camil\AppData\Local\Programs\MiKTeX\tex/latex/tools\indentfirst.sty
Package: indentfirst 2023/07/02 v1.03 Indent first paragraph (DPC)
)
(C:\Users\camil\AppData\Local\Programs\MiKTeX\tex/latex/graphics\graphicx.sty
Package: graphicx 2024/12/31 v1.2e Enhanced LaTeX Graphics (DPC,SPQR)

(C:\Users\camil\AppData\Local\Programs\MiKTeX\tex/latex/graphics\graphics.sty
Package: graphics 2024/08/06 v1.4g Standard LaTeX Graphics (DPC,SPQR)

(C:\Users\camil\AppData\Local\Programs\MiKTeX\tex/latex/graphics\trig.sty
Package: trig 2023/12/02 v1.11 sin cos tan (DPC)
)
(C:\Users\camil\AppData\Local\Programs\MiKTeX\tex/latex/graphics-cfg\graphics.c
fg
File: graphics.cfg 2016/06/04 v1.11 sample graphics configuration
)
Package graphics Info: Driver file: pdftex.def on input line 106.
)
\Gin@req@height=\dimen266
\Gin@req@width=\dimen267
) (C:\Users\camil\AppData\Local\Programs\MiKTeX\tex/latex/float\float.sty
Package: float 2001/11/08 v1.3d Float enhancements (AL)
\c@float@type=\count378
\float@exts=\toks33
\float@box=\box61
\@float@everytoks=\toks34
\@floatcapt=\box62
)
(C:\Users\camil\AppData\Local\Programs\MiKTeX\tex/latex/chemfig\chemfig.sty
(C:\Users\camil\AppData\Local\Programs\MiKTeX\tex/latex/pgf/frontendlayer\tikz.
sty
(C:\Users\camil\AppData\Local\Programs\MiKTeX\tex/latex/pgf/basiclayer\pgf.sty
(C:\Users\camil\AppData\Local\Programs\MiKTeX\tex/latex/pgf/utilities\pgfrcs.st
y
(C:\Users\camil\AppData\Local\Programs\MiKTeX\tex/generic/pgf/utilities\pgfutil
-common.tex
\pgfutil@everybye=\toks35
\pgfutil@tempdima=\dimen268
\pgfutil@tempdimb=\dimen269
)
(C:\Users\camil\AppData\Local\Programs\MiKTeX\tex/generic/pgf/utilities\pgfutil
-latex.def
\pgfutil@abb=\box63
)
(C:\Users\camil\AppData\Local\Programs\MiKTeX\tex/generic/pgf/utilities\pgfrcs.
code.tex
(C:\Users\camil\AppData\Local\Programs\MiKTeX\tex/generic/pgf\pgf.revision.tex)
Package: pgfrcs 2025-08-29 v3.1.11a (3.1.11a)
))
Package: pgf 2025-08-29 v3.1.11a (3.1.11a)

(C:\Users\camil\AppData\Local\Programs\MiKTeX\tex/latex/pgf/basiclayer\pgfcore.
sty
(C:\Users\camil\AppData\Local\Programs\MiKTeX\tex/latex/pgf/systemlayer\pgfsys.
sty
(C:\Users\camil\AppData\Local\Programs\MiKTeX\tex/generic/pgf/systemlayer\pgfsy
s.code.tex
Package: pgfsys 2025-08-29 v3.1.11a (3.1.11a)

(C:\Users\camil\AppData\Local\Programs\MiKTeX\tex/generic/pgf/utilities\pgfkeys
.code.tex
\pgfkeys@pathtoks=\toks36
\pgfkeys@temptoks=\toks37

(C:\Users\camil\AppData\Local\Programs\MiKTeX\tex/generic/pgf/utilities\pgfkeys
libraryfiltered.code.tex
\pgfkeys@tmptoks=\toks38
))
\pgf@x=\dimen270
\pgf@y=\dimen271
\pgf@xa=\dimen272
\pgf@ya=\dimen273
\pgf@xb=\dimen274
\pgf@yb=\dimen275
\pgf@xc=\dimen276
\pgf@yc=\dimen277
\pgf@xd=\dimen278
\pgf@yd=\dimen279
\w@pgf@writea=\write4
\r@pgf@reada=\read4
\c@pgf@counta=\count379
\c@pgf@countb=\count380
\c@pgf@countc=\count381
\c@pgf@countd=\count382
\t@pgf@toka=\toks39
\t@pgf@tokb=\toks40
\t@pgf@tokc=\toks41
\pgf@sys@id@count=\count383

(C:\Users\camil\AppData\Local\Programs\MiKTeX\tex/generic/pgf/systemlayer\pgf.c
fg
File: pgf.cfg 2025-08-29 v3.1.11a (3.1.11a)
)
Driver file for pgf: pgfsys-pdftex.def

(C:\Users\camil\AppData\Local\Programs\MiKTeX\tex/generic/pgf/systemlayer\pgfsy
s-pdftex.def
File: pgfsys-pdftex.def 2025-08-29 v3.1.11a (3.1.11a)

(C:\Users\camil\AppData\Local\Programs\MiKTeX\tex/generic/pgf/systemlayer\pgfsy
s-common-pdf.def
File: pgfsys-common-pdf.def 2025-08-29 v3.1.11a (3.1.11a)
)))
(C:\Users\camil\AppData\Local\Programs\MiKTeX\tex/generic/pgf/systemlayer\pgfsy
ssoftpath.code.tex
File: pgfsyssoftpath.code.tex 2025-08-29 v3.1.11a (3.1.11a)
\pgfsyssoftpath@smallbuffer@items=\count384
\pgfsyssoftpath@bigbuffer@items=\count385
)
(C:\Users\camil\AppData\Local\Programs\MiKTeX\tex/generic/pgf/systemlayer\pgfsy
sprotocol.code.tex
File: pgfsysprotocol.code.tex 2025-08-29 v3.1.11a (3.1.11a)
))
(C:\Users\camil\AppData\Local\Programs\MiKTeX\tex/generic/pgf/basiclayer\pgfcor
e.code.tex
Package: pgfcore 2025-08-29 v3.1.11a (3.1.11a)

(C:\Users\camil\AppData\Local\Programs\MiKTeX\tex/generic/pgf/math\pgfmath.code
.tex
(C:\Users\camil\AppData\Local\Programs\MiKTeX\tex/generic/pgf/math\pgfmathutil.
code.tex)
(C:\Users\camil\AppData\Local\Programs\MiKTeX\tex/generic/pgf/math\pgfmathparse
r.code.tex
\pgfmath@dimen=\dimen280
\pgfmath@count=\count386
\pgfmath@box=\box64
\pgfmath@toks=\toks42
\pgfmath@stack@operand=\toks43
\pgfmath@stack@operation=\toks44
)
(C:\Users\camil\AppData\Local\Programs\MiKTeX\tex/generic/pgf/math\pgfmathfunct
ions.code.tex)
(C:\Users\camil\AppData\Local\Programs\MiKTeX\tex/generic/pgf/math\pgfmathfunct
ions.basic.code.tex)
(C:\Users\camil\AppData\Local\Programs\MiKTeX\tex/generic/pgf/math\pgfmathfunct
ions.trigonometric.code.tex)
(C:\Users\camil\AppData\Local\Programs\MiKTeX\tex/generic/pgf/math\pgfmathfunct
ions.random.code.tex)
(C:\Users\camil\AppData\Local\Programs\MiKTeX\tex/generic/pgf/math\pgfmathfunct
ions.comparison.code.tex)
(C:\Users\camil\AppData\Local\Programs\MiKTeX\tex/generic/pgf/math\pgfmathfunct
ions.base.code.tex)
(C:\Users\camil\AppData\Local\Programs\MiKTeX\tex/generic/pgf/math\pgfmathfunct
ions.round.code.tex)
(C:\Users\camil\AppData\Local\Programs\MiKTeX\tex/generic/pgf/math\pgfmathfunct
ions.misc.code.tex)
(C:\Users\camil\AppData\Local\Programs\MiKTeX\tex/generic/pgf/math\pgfmathfunct
ions.integerarithmetics.code.tex)
(C:\Users\camil\AppData\Local\Programs\MiKTeX\tex/generic/pgf/math\pgfmathcalc.
code.tex)
(C:\Users\camil\AppData\Local\Programs\MiKTeX\tex/generic/pgf/math\pgfmathfloat
.code.tex
\c@pgfmathroundto@lastzeros=\count387
))
(C:\Users\camil\AppData\Local\Programs\MiKTeX\tex/generic/pgf/math\pgfint.code.
tex)
(C:\Users\camil\AppData\Local\Programs\MiKTeX\tex/generic/pgf/basiclayer\pgfcor
epoints.code.tex
File: pgfcorepoints.code.tex 2025-08-29 v3.1.11a (3.1.11a)
\pgf@picminx=\dimen281
\pgf@picmaxx=\dimen282
\pgf@picminy=\dimen283
\pgf@picmaxy=\dimen284
\pgf@pathminx=\dimen285
\pgf@pathmaxx=\dimen286
\pgf@pathminy=\dimen287
\pgf@pathmaxy=\dimen288
\pgf@xx=\dimen289
\pgf@xy=\dimen290
\pgf@yx=\dimen291
\pgf@yy=\dimen292
\pgf@zx=\dimen293
\pgf@zy=\dimen294
)
(C:\Users\camil\AppData\Local\Programs\MiKTeX\tex/generic/pgf/basiclayer\pgfcor
epathconstruct.code.tex
File: pgfcorepathconstruct.code.tex 2025-08-29 v3.1.11a (3.1.11a)
\pgf@path@lastx=\dimen295
\pgf@path@lasty=\dimen296
)
(C:\Users\camil\AppData\Local\Programs\MiKTeX\tex/generic/pgf/basiclayer\pgfcor
epathusage.code.tex
File: pgfcorepathusage.code.tex 2025-08-29 v3.1.11a (3.1.11a)
\pgf@shorten@end@additional=\dimen297
\pgf@shorten@start@additional=\dimen298
)
(C:\Users\camil\AppData\Local\Programs\MiKTeX\tex/generic/pgf/basiclayer\pgfcor
escopes.code.tex
File: pgfcorescopes.code.tex 2025-08-29 v3.1.11a (3.1.11a)
\pgfpic=\box65
\pgf@hbox=\box66
\pgf@layerbox@main=\box67
\pgf@picture@serial@count=\count388
)
(C:\Users\camil\AppData\Local\Programs\MiKTeX\tex/generic/pgf/basiclayer\pgfcor
egraphicstate.code.tex
File: pgfcoregraphicstate.code.tex 2025-08-29 v3.1.11a (3.1.11a)
\pgflinewidth=\dimen299
)
(C:\Users\camil\AppData\Local\Programs\MiKTeX\tex/generic/pgf/basiclayer\pgfcor
etransformations.code.tex
File: pgfcoretransformations.code.tex 2025-08-29 v3.1.11a (3.1.11a)
\pgf@pt@x=\dimen300
\pgf@pt@y=\dimen301
\pgf@pt@temp=\dimen302
)
(C:\Users\camil\AppData\Local\Programs\MiKTeX\tex/generic/pgf/basiclayer\pgfcor
equick.code.tex
File: pgfcorequick.code.tex 2025-08-29 v3.1.11a (3.1.11a)
)
(C:\Users\camil\AppData\Local\Programs\MiKTeX\tex/generic/pgf/basiclayer\pgfcor
eobjects.code.tex
File: pgfcoreobjects.code.tex 2025-08-29 v3.1.11a (3.1.11a)
)
(C:\Users\camil\AppData\Local\Programs\MiKTeX\tex/generic/pgf/basiclayer\pgfcor
epathprocessing.code.tex
File: pgfcorepathprocessing.code.tex 2025-08-29 v3.1.11a (3.1.11a)
)
(C:\Users\camil\AppData\Local\Programs\MiKTeX\tex/generic/pgf/basiclayer\pgfcor
earrows.code.tex
File: pgfcorearrows.code.tex 2025-08-29 v3.1.11a (3.1.11a)
\pgfarrowsep=\dimen303
)
(C:\Users\camil\AppData\Local\Programs\MiKTeX\tex/generic/pgf/basiclayer\pgfcor
eshade.code.tex
File: pgfcoreshade.code.tex 2025-08-29 v3.1.11a (3.1.11a)
\pgf@max=\dimen304
\pgf@sys@shading@range@num=\count389
\pgf@shadingcount=\count390
)
(C:\Users\camil\AppData\Local\Programs\MiKTeX\tex/generic/pgf/basiclayer\pgfcor
eimage.code.tex
File: pgfcoreimage.code.tex 2025-08-29 v3.1.11a (3.1.11a)
)
(C:\Users\camil\AppData\Local\Programs\MiKTeX\tex/generic/pgf/basiclayer\pgfcor
eexternal.code.tex
File: pgfcoreexternal.code.tex 2025-08-29 v3.1.11a (3.1.11a)
\pgfexternal@startupbox=\box68
)
(C:\Users\camil\AppData\Local\Programs\MiKTeX\tex/generic/pgf/basiclayer\pgfcor
elayers.code.tex
File: pgfcorelayers.code.tex 2025-08-29 v3.1.11a (3.1.11a)
)
(C:\Users\camil\AppData\Local\Programs\MiKTeX\tex/generic/pgf/basiclayer\pgfcor
etransparency.code.tex
File: pgfcoretransparency.code.tex 2025-08-29 v3.1.11a (3.1.11a)
)
(C:\Users\camil\AppData\Local\Programs\MiKTeX\tex/generic/pgf/basiclayer\pgfcor
epatterns.code.tex
File: pgfcorepatterns.code.tex 2025-08-29 v3.1.11a (3.1.11a)
)
(C:\Users\camil\AppData\Local\Programs\MiKTeX\tex/generic/pgf/basiclayer\pgfcor
erdf.code.tex
File: pgfcorerdf.code.tex 2025-08-29 v3.1.11a (3.1.11a)
)))
(C:\Users\camil\AppData\Local\Programs\MiKTeX\tex/generic/pgf/modules\pgfmodule
shapes.code.tex
File: pgfmoduleshapes.code.tex 2025-08-29 v3.1.11a (3.1.11a)
\pgfnodeparttextbox=\box69
)
(C:\Users\camil\AppData\Local\Programs\MiKTeX\tex/generic/pgf/modules\pgfmodule
plot.code.tex
File: pgfmoduleplot.code.tex 2025-08-29 v3.1.11a (3.1.11a)
)
(C:\Users\camil\AppData\Local\Programs\MiKTeX\tex/latex/pgf/compatibility\pgfco
mp-version-0-65.sty
Package: pgfcomp-version-0-65 2025-08-29 v3.1.11a (3.1.11a)
\pgf@nodesepstart=\dimen305
\pgf@nodesepend=\dimen306
)
(C:\Users\camil\AppData\Local\Programs\MiKTeX\tex/latex/pgf/compatibility\pgfco
mp-version-1-18.sty
Package: pgfcomp-version-1-18 2025-08-29 v3.1.11a (3.1.11a)
))
(C:\Users\camil\AppData\Local\Programs\MiKTeX\tex/latex/pgf/utilities\pgffor.st
y
(C:\Users\camil\AppData\Local\Programs\MiKTeX\tex/latex/pgf/utilities\pgfkeys.s
ty
(C:\Users\camil\AppData\Local\Programs\MiKTeX\tex/generic/pgf/utilities\pgfkeys
.code.tex))
(C:\Users\camil\AppData\Local\Programs\MiKTeX\tex/latex/pgf/math\pgfmath.sty
(C:\Users\camil\AppData\Local\Programs\MiKTeX\tex/generic/pgf/math\pgfmath.code
.tex))
(C:\Users\camil\AppData\Local\Programs\MiKTeX\tex/generic/pgf/utilities\pgffor.
code.tex
Package: pgffor 2025-08-29 v3.1.11a (3.1.11a)
\pgffor@iter=\dimen307
\pgffor@skip=\dimen308
\pgffor@stack=\toks45
\pgffor@toks=\toks46
))
(C:\Users\camil\AppData\Local\Programs\MiKTeX\tex/generic/pgf/frontendlayer/tik
z\tikz.code.tex
Package: tikz 2025-08-29 v3.1.11a (3.1.11a)

(C:\Users\camil\AppData\Local\Programs\MiKTeX\tex/generic/pgf/libraries\pgflibr
aryplothandlers.code.tex
File: pgflibraryplothandlers.code.tex 2025-08-29 v3.1.11a (3.1.11a)
\pgf@plot@mark@count=\count391
\pgfplotmarksize=\dimen309
)
\tikz@lastx=\dimen310
\tikz@lasty=\dimen311
\tikz@lastxsaved=\dimen312
\tikz@lastysaved=\dimen313
\tikz@lastmovetox=\dimen314
\tikz@lastmovetoy=\dimen315
\tikzleveldistance=\dimen316
\tikzsiblingdistance=\dimen317
\tikz@figbox=\box70
\tikz@figbox@bg=\box71
\tikz@tempbox=\box72
\tikz@tempbox@bg=\box73
\tikztreelevel=\count392
\tikznumberofchildren=\count393
\tikznumberofcurrentchild=\count394
\tikz@fig@count=\count395

(C:\Users\camil\AppData\Local\Programs\MiKTeX\tex/generic/pgf/modules\pgfmodule
matrix.code.tex
File: pgfmodulematrix.code.tex 2025-08-29 v3.1.11a (3.1.11a)
\pgfmatrixcurrentrow=\count396
\pgfmatrixcurrentcolumn=\count397
\pgf@matrix@numberofcolumns=\count398
)
\tikz@expandcount=\count399

(C:\Users\camil\AppData\Local\Programs\MiKTeX\tex/generic/pgf/frontendlayer/tik
z/libraries\tikzlibrarytopaths.code.tex
File: tikzlibrarytopaths.code.tex 2025-08-29 v3.1.11a (3.1.11a)
)))
(C:\Users\camil\AppData\Local\Programs\MiKTeX\tex/generic/chemfig\chemfig.tex
(C:\Users\camil\AppData\Local\Programs\MiKTeX\tex/generic/simplekv\simplekv.tex
Package: simplekv 2025/06/15 v0.32 Simple keyval package (CT)
)
(C:\Users\camil\AppData\Local\Programs\MiKTeX\tex/generic/pgf/libraries\pgflibr
aryarrows.meta.code.tex
File: pgflibraryarrows.meta.code.tex 2025-08-29 v3.1.11a (3.1.11a)
\pgfarrowinset=\dimen318
\pgfarrowlength=\dimen319
\pgfarrowwidth=\dimen320
\pgfarrowlinewidth=\dimen321
)
\CF_cnt_atomgroup=\count400
\CF_cnt_group=\count401
\CF_cnt_atom=\count402
\CF_cnt_cycle=\count403
\CF_cnt_cyclebonds=\count404
\CF_cnt_compound=\count405
\CF_dim=\dimen322
\CF_turnangle=\dimen323
\CF_arrowsize=\dimen324
\CF_zero=\dimen325
\CF_box=\box74
\CF_boxstuff=\box75
\CF_testbox=\box76
\CF_chargebox=\box77
\CF_substtoks=\toks47
\CF_harrow_boxup=\box78
\CF_harrow_boxdown=\box79
\CF_hreact_cnt=\count406
)
Package: chemfig 2025/10/30 v1.71 Draw molecule with an easy syntax (CT)
)
(C:\Users\camil\AppData\Local\Programs\MiKTeX\tex/latex/chemmacros\chemmacros.s
ty
(C:\Users\camil\AppData\Local\Programs\MiKTeX\tex/latex/l3packages/l3keys2e\l3k
eys2e.sty
Package: l3keys2e 2025-10-09 LaTeX2e option processing using LaTeX3 keys
)
Package: chemmacros 2022/03/11 v6.2a comprehensive support for typesetting chem
istry documents (CN & SK)
\l__chemmacros_tmpa_dim=\dimen326
\l__chemmacros_tmpb_dim=\dimen327
\l__chemmacros_tmpc_dim=\dimen328
\l__chemmacros_tmpa_int=\count407
\l__chemmacros_tmpb_int=\count408
\l__chemmacros_tmpc_int=\count409
\l__chemmacros_tmpa_box=\box80
\l__chemmacros_tmpb_box=\box81
\l__chemmacros_tmpc_box=\box82
Loading the chemmacros module `base' ...

Loading the chemmacros module `base' ...
(C:\Users\camil\AppData\Local\Programs\MiKTeX\tex/latex/tools\bm.sty
Package: bm 2025/10/21 v1.2g Bold Symbol Support (DPC/FMi)
\symboldoperators=\mathgroup6
\symboldletters=\mathgroup7
\symboldsymbols=\mathgroup8
Package bm Info: No bold for \OMX/lmex/m/n, using \pmb.
Package bm Info: No bold for \U/msa/m/n, using \pmb.
Package bm Info: No bold for \U/msb/m/n, using \pmb.
LaTeX Font Info:    Redeclaring math alphabet \mathbf on input line 149.
)
Loading the chemmacros module `errorcheck' ...

Loading the chemmacros module `errorcheck' ...
Loading the chemmacros module `lang' ...
Loading the chemmacros module `lang' ...

(C:\Users\camil\AppData\Local\Programs\MiKTeX\tex/latex/translations\translatio
ns.sty
Package: translations 2022/02/05 v1.12 internationalization of LaTeX2e packages
 (CN)
)
Loading the chemmacros module `greek' ...

Loading the chemmacros module `greek' ...

(C:\Users\camil\AppData\Local\Programs\MiKTeX\tex/latex/chemgreek\chemgreek.sty
Package: chemgreek 2020/01/16 v1.1a interface for upright Greek letters for use
 in chemistry (CN)
\l__chemgreek_tmpa_int=\count410
\g__chemgreek_tmpa_int=\count411
)
Loading the chemmacros module `formula' ...

Loading the chemmacros module `formula' ...
Loading the chemmacros module `charges' ...
Loading the chemmacros module `charges' ...
Loading the chemmacros module `acid-base' ...
Loading the chemmacros module `acid-base' ...
Loading the chemmacros module `symbols' ...
Loading the chemmacros module `symbols' ...
Loading the chemmacros module `particles' ...
Loading the chemmacros module `particles' ...
\l__chemmacros_nucleophile_dim=\dimen329
Loading the chemmacros module `phases' ...
Loading the chemmacros module `phases' ...
\l__chemmacros_phases_space_dim=\dimen330
Loading the chemmacros module `nomenclature' ...
Loading the chemmacros module `nomenclature' ...
\l__chemmacros_cip_kern_dim=\dimen331
\l__chemmacros_iupac_hyphen_pre_dim=\dimen332
\l__chemmacros_iupac_hyphen_post_dim=\dimen333
\l__chemmacros_iupac_break_dim=\dimen334
\l__chemmacros_iupac_break_skip=\skip264
Loading the chemmacros module `tikz' ...
Loading the chemmacros module `tikz' ...

(C:\Users\camil\AppData\Local\Programs\MiKTeX\tex/generic/pgf/frontendlayer/tik
z/libraries\tikzlibrarycalc.code.tex
File: tikzlibrarycalc.code.tex 2025-08-29 v3.1.11a (3.1.11a)
)
(C:\Users\camil\AppData\Local\Programs\MiKTeX\tex/generic/pgf/frontendlayer/tik
z/libraries\tikzlibrarydecorations.pathmorphing.code.tex
(C:\Users\camil\AppData\Local\Programs\MiKTeX\tex/generic/pgf/frontendlayer/tik
z/libraries\tikzlibrarydecorations.code.tex
(C:\Users\camil\AppData\Local\Programs\MiKTeX\tex/generic/pgf/modules\pgfmodule
decorations.code.tex
\pgfdecoratedcompleteddistance=\dimen335
\pgfdecoratedremainingdistance=\dimen336
\pgfdecoratedinputsegmentcompleteddistance=\dimen337
\pgfdecoratedinputsegmentremainingdistance=\dimen338
\pgf@decorate@distancetomove=\dimen339
\pgf@decorate@repeatstate=\count412
\pgfdecorationsegmentamplitude=\dimen340
\pgfdecorationsegmentlength=\dimen341
)
\tikz@lib@dec@box=\box83
)
(C:\Users\camil\AppData\Local\Programs\MiKTeX\tex/generic/pgf/libraries/decorat
ions\pgflibrarydecorations.pathmorphing.code.tex))
\l__chemmacros_el_length_dim=\dimen342
Loading the chemmacros module `isotopes' ...

Loading the chemmacros module `isotopes' ...
(C:\Users\camil\AppData\Local\Programs\MiKTeX\tex/latex/elements\elements.sty
Package: elements 2022/01/29 v0.4 properties of chemical elements
\c@@elements@orbital@type=\count413
\c@@elements@shell@number=\count414
)
Loading the chemmacros module `mechanisms' ...

Loading the chemmacros module `mechanisms' ...
Loading the chemmacros module `newman' ...
Loading the chemmacros module `newman' ...
Loading the chemmacros module `orbital' ...
Loading the chemmacros module `orbital' ...
Loading the chemmacros module `polymers' ...
Loading the chemmacros module `polymers' ...
\l__chemmacros_polymer_delimiter_height_dim=\dimen343
\l__chemmacros_polymer_delimiter_depth_dim=\dimen344
Loading the chemmacros module `reactions' ...
Loading the chemmacros module `reactions' ...
\c@reaction=\count415

(C:\Users\camil\AppData\Local\Programs\MiKTeX\tex/latex/mathtools\mathtools.sty
Package: mathtools 2024/10/04 v1.31 mathematical typesetting tools
(C:\Users\camil\AppData\Local\Programs\MiKTeX\tex/latex/mathtools\mhsetup.sty
Package: mhsetup 2021/03/18 v1.4 programming setup (MH)
)
\g_MT_multlinerow_int=\count416
\l_MT_multwidth_dim=\dimen345
\origjot=\skip265
\l_MT_shortvdotswithinadjustabove_dim=\dimen346
\l_MT_shortvdotswithinadjustbelow_dim=\dimen347
\l_MT_above_intertext_sep=\dimen348
\l_MT_below_intertext_sep=\dimen349
\l_MT_above_shortintertext_sep=\dimen350
\l_MT_below_shortintertext_sep=\dimen351
\xmathstrut@box=\box84
\xmathstrut@dim=\dimen352
)
Loading the chemmacros module `redox' ...
Loading the chemmacros module `redox' ...
(C:\Users\camil\AppData\Local\Programs\MiKTeX\tex/latex/relsize\relsize.sty
Package: relsize 2013/03/29 ver 4.1
)
\l__chemmacros_ox_number_int=\count417
\l__chemmacros_redox_sep_dim=\dimen353
\l__chemmacros_redox_sep_default_dim=\dimen354
\l__chemmacros_redox_dist_dim=\dimen355
Loading the chemmacros module `xfrac' ...

Loading the chemmacros module `xfrac' ...
(C:\Users\camil\AppData\Local\Programs\MiKTeX\tex/latex/xfrac\xfrac.sty
Package: xfrac 2024-06-04 Split-level fractions
\l__xfrac_slash_box=\box85
\l__xfrac_tmp_box=\box86
\l__xfrac_denominator_bot_sep_dim=\dimen356
\l__xfrac_numerator_bot_sep_dim=\dimen357
\l__xfrac_numerator_top_sep_dim=\dimen358
\l__xfrac_slash_left_sep_dim=\dimen359
\l__xfrac_slash_right_sep_dim=\dimen360
\l__xfrac_slash_left_muskip=\muskip19
\l__xfrac_slash_right_muskip=\muskip20

LaTeX template Info: Declaring template type 'xfrac' taking 3 argument(s) on
(template)           line 100.


LaTeX template Info: Declaring instance 'cmr' of type xfrac on line 392.


LaTeX template Info: Declaring instance 'cmss' of type xfrac on line 392.


LaTeX template Info: Declaring instance 'cmtt' of type xfrac on line 392.

)

LaTeX template Info: Declaring instance 'chemmacros-frac-cmr-superscript' of
(template)           type xfrac on line 4683.


LaTeX template Info: Declaring instance 'chemmacros-frac-cmr-text' of type
(template)           xfrac on line 4691.

Loading the chemmacros module `scheme' ...

Loading the chemmacros module `scheme' ...
(C:\Users\camil\AppData\Local\Programs\MiKTeX\tex/latex/chemnum\chemnum.sty
Package: chemnum 2021/01/21 v1.3a a comprehensive approach for the numbering of
 chemical compounds (CN)

(C:\Users\camil\AppData\Local\Programs\MiKTeX\tex/latex/psfrag\psfrag.sty
Package: psfrag 1998/04/11 v3.04 PSfrag (MCG)
\pfg@pcount=\count418
\pfg@scount=\count419
\pfg@temp=\write5
)
\l__chemnum_tmpa_int=\count420
\l__chemnum_tmpb_int=\count421
\l__chemnum_tmpc_int=\count422
\c@cmpdmain=\count423
\g__chemnum_main_int=\count424
\l__chemnum_compound_replace_int=\count425
)
==> First Aid for chemnum.sty applied!
Loading the chemmacros module `spectroscopy' ...
Loading the chemmacros module `spectroscopy' ...
(C:\Users\camil\AppData\Local\Programs\MiKTeX\tex/latex/siunitx\siunitx.sty
Package: siunitx 2026-03-26 v3.5.1 A comprehensive (SI) units package
\l__siunitx_number_uncert_offset_int=\count426
\l__siunitx_number_exponent_fixed_int=\count427
\l__siunitx_number_min_decimal_int=\count428
\l__siunitx_number_min_integer_int=\count429
\l__siunitx_number_round_precision_int=\count430
\l__siunitx_number_lower_threshold_int=\count431
\l__siunitx_number_upper_threshold_int=\count432
\l__siunitx_number_group_first_int=\count433
\l__siunitx_number_group_size_int=\count434
\l__siunitx_number_group_min_int=\count435
\l__siunitx_number_group_minimum_int=\count436
\l__siunitx_compound_count_int=\count437
\l__siunitx_table_tmp_box=\box87
\l__siunitx_table_tmp_dim=\dimen361
\l__siunitx_table_column_width_dim=\dimen362
\l__siunitx_table_integer_box=\box88
\l__siunitx_table_decimal_box=\box89
\l__siunitx_table_uncert_box=\box90
\l__siunitx_table_before_box=\box91
\l__siunitx_table_after_box=\box92
\l__siunitx_table_before_dim=\dimen363
\l__siunitx_table_carry_dim=\dimen364
\l__siunitx_unit_tmp_int=\count438
\l__siunitx_unit_position_int=\count439
\l__siunitx_unit_total_int=\count440
\l__siunitx_sexagesimal_tmp_dim=\dimen365
\l__siunitx_sexagesimal_marker_box=\box93
\l__siunitx_sexagesimal_unit_box=\box94
)
\l__chemmacros_nmr_space_skip=\skip266
Loading the chemmacros module `thermodynamics' ...

Loading the chemmacros module `thermodynamics' ...
Loading the chemmacros module `units' ...
Loading the chemmacros module `units' ...
Loading the chemmacros module `reactants' ...
Loading the chemmacros module `reactants' ...
Loading the chemmacros module `translations' ...
Loading the chemmacros module `translations' ...
)
(C:\Users\camil\AppData\Local\Programs\MiKTeX\tex/generic/pgf/frontendlayer/tik
z/libraries\tikzlibrarypositioning.code.tex
File: tikzlibrarypositioning.code.tex 2025-08-29 v3.1.11a (3.1.11a)
)
(C:\Users\camil\AppData\Local\Programs\MiKTeX\tex/latex/pdfpages\pdfpages.sty
Package: pdfpages 2025/07/23 v0.6g Insert pages of external PDF documents (AM)

(C:\Users\camil\AppData\Local\Programs\MiKTeX\tex/latex/eso-pic\eso-pic.sty
Package: eso-pic 2025/12/10 v3.0d eso-pic (RN)
\ESO@tempdima=\dimen366
\ESO@tempdimb=\dimen367
)
\AM@pagewidth=\dimen368
\AM@pageheight=\dimen369
\AM@fboxrule=\dimen370

(C:\Users\camil\AppData\Local\Programs\MiKTeX\tex/latex/pdfpages\pppdftex.def
File: pppdftex.def 2025/07/23 v0.6g Pdfpages driver for pdfTeX (AM)
)
\pdfpages@includegraphics@status=\count441
\AM@pagebox=\box95
\AM@global@opts=\toks48
\AM@pagecnt=\count442
\AM@toc@title=\toks49
\AM@lof@heading=\toks50
\c@AM@survey=\count443
\AM@templatesizebox=\box96
) (C:\Users\camil\AppData\Local\Programs\MiKTeX\tex/latex/hyphenat\hyphenat.sty
Package: hyphenat 2009/09/02 v2.3c hyphenation utilities
\langwohyphens=\language80
LaTeX Info: Redefining \_ on input line 43.
) (C:\Users\camil\AppData\Local\Programs\MiKTeX\tex/latex/textpos\textpos.sty
Package: textpos 2022/07/23 v1.10.1
Package textpos Info: choosing support for LaTeX3 on input line 60.
\TP@textbox=\box97
\TP@holdbox=\box98
\TPHorizModule=\dimen371
\TPVertModule=\dimen372
\TP@margin=\dimen373
\TP@absmargin=\dimen374

Grid set 16 x 16 = 37.34424pt x 52.81541pt
\TPboxrulesize=\dimen375
\TP@ox=\dimen376
\TP@oy=\dimen377
\TP@tbargs=\toks51
TextBlockOrigin set to 0pt x 0pt
) (C:\Users\camil\AppData\Local\Programs\MiKTeX\tex/latex/makebox\makebox.sty
Package: makebox 2004/07/31 v0.1 extend makebox command
)
(C:\Users\camil\AppData\Local\Programs\MiKTeX\tex/latex/braket\braket.sty)
(C:\Users\camil\AppData\Local\Programs\MiKTeX\tex/latex/was\upgreek.sty
Package: upgreek 2003/02/12 v2.0 (WaS)
Package upgreek Info: Using Euler Roman for upright Greek on input line 31.
\symugrf@m=\mathgroup9
LaTeX Font Info:    Overwriting symbol font `ugrf@m' in version `bold'
(Font)                  U/eur/m/n --> U/eur/b/n on input line 38.
)
(C:\Users\camil\AppData\Local\Programs\MiKTeX\tex/latex/cite\cite.sty
LaTeX Info: Redefining \cite on input line 302.
LaTeX Info: Redefining \nocite on input line 332.
Package: cite 2015/02/27  v 5.5
)
(C:\Users\camil\AppData\Local\Programs\MiKTeX\tex/latex/abntex2\abntex2cite.sty
Package: abntex2cite 2018/11/24 v-1.9.7 abnTeX2

(C:\Users\camil\AppData\Local\Programs\MiKTeX\tex/latex/abntex2\abntex2abrev.st
y)
\minimumbiblabelwidth=\skip267
\ABCIauxlen=\skip268
\c@ABCIaux=\count444
\c@ABCImax=\count445
 (C:\Users\camil\AppData\Local\Programs\MiKTeX\tex/generic/iftex\ifpdf.sty
Package: ifpdf 2019/10/25 v3.4 ifpdf legacy package. Use iftex instead.
)
(C:\Users\camil\AppData\Local\Programs\MiKTeX\tex/generic/iftex\ifxetex.sty
Package: ifxetex 2019/10/25 v0.7 ifxetex legacy package. Use iftex instead.
)
\biblabelsep=\skip269
LaTeX Info: Redefining \newblock on input line 591.
LaTeX Info: Redefining \cite on input line 862.
LaTeX Info: Redefining \citeonline on input line 866.
\ABCItoken=\toks52
)
(C:\Users\camil\AppData\Local\Programs\MiKTeX\tex/latex/lipsum\lipsum.sty
Package: lipsum 2021-09-20 v2.7 150 paragraphs of Lorem Ipsum dummy text
\g__lipsum_par_int=\count446
\l__lipsum_a_int=\count447
\l__lipsum_b_int=\count448

(C:\Users\camil\AppData\Local\Programs\MiKTeX\tex/latex/lipsum\lipsum.ltd.tex))
(C:\Users\camil\AppData\Local\Programs\MiKTeX\tex/latex/tools\multicol.sty
Package: multicol 2025/10/21 v2.0b multicolumn formatting (FMi)
\c@tracingmulticols=\count449
\mult@box=\box99
\multicol@leftmargin=\dimen378
\c@unbalance=\count450
\c@collectmore=\count451
\doublecol@number=\count452
\multicoltolerance=\count453
\multicolpretolerance=\count454
\full@width=\dimen379
\page@free=\dimen380
\premulticols=\dimen381
\postmulticols=\dimen382
\multicolsep=\skip270
\multicolbaselineskip=\skip271
\partial@page=\box100
\last@line=\box101
\mc@boxedresult=\box102
\maxbalancingoverflow=\dimen383
\mult@rightbox=\box103
\mult@grightbox=\box104
\mult@firstbox=\box105
\mult@gfirstbox=\box106
\@tempa=\box107
\@tempa=\box108
\@tempa=\box109
\@tempa=\box110
\@tempa=\box111
\@tempa=\box112
\@tempa=\box113
\@tempa=\box114
\@tempa=\box115
\@tempa=\box116
\@tempa=\box117
\@tempa=\box118
\@tempa=\box119
\@tempa=\box120
\@tempa=\box121
\@tempa=\box122
\@tempa=\box123
\@tempa=\box124
\@tempa=\box125
\@tempa=\box126
\@tempa=\box127
\@tempa=\box128
\@tempa=\box129
\@tempa=\box130
\@tempa=\box131
\@tempa=\box132
\@tempa=\box133
\@tempa=\box134
\@tempa=\box135
\@tempa=\box136
\@tempa=\box137
\@tempa=\box138
\@tempa=\box139
\@tempa=\box140
\@tempa=\box141
\@tempa=\box142
\c@minrows=\count455
\c@columnbadness=\count456
\c@finalcolumnbadness=\count457
\last@try=\dimen384
\multicolovershoot=\dimen385
\multicolundershoot=\dimen386
\mult@nat@firstbox=\box143
\colbreak@box=\box144
\mc@col@check@num=\count458
\g__mc_curr_col_int=\count459
)
(C:\Users\camil\AppData\Local\Programs\MiKTeX\tex/latex/multirow\multirow.sty
Package: multirow 2024/11/12 v2.9 Span multiple rows of a table
\multirow@colwidth=\skip272
\multirow@cntb=\count460
\multirow@dima=\skip273
\bigstrutjot=\dimen387
)
(C:\Users\camil\AppData\Local\Programs\MiKTeX\tex/latex/tools\longtable.sty
Package: longtable 2025-10-13 v4.24 Multi-page Table package (DPC)
\LTleft=\skip274
\LTright=\skip275
\LTpre=\skip276
\LTpost=\skip277
\LTchunksize=\count461
\LTcapwidth=\dimen388
\LT@head=\box145
\LT@firsthead=\box146
\LT@foot=\box147
\LT@lastfoot=\box148
\LT@gbox=\box149
\LT@cols=\count462
\LT@rows=\count463
\c@LT@tables=\count464
\c@LT@chunks=\count465
\LT@p@ftn=\toks53
)
(C:\Users\camil\AppData\Local\Programs\MiKTeX\tex/latex/threeparttablex\threepa
rttablex.sty
Package: threeparttablex 2013/07/23 v0.3 by daleif

(C:\Users\camil\AppData\Local\Programs\MiKTeX\tex/latex/threeparttable\threepar
ttable.sty
Package: threeparttable 2003/06/13  v 3.0
\@tempboxb=\box150
)
(C:\Users\camil\AppData\Local\Programs\MiKTeX\tex/latex/environ\environ.sty
Package: environ 2014/05/04 v0.3 A new way to define environments

(C:\Users\camil\AppData\Local\Programs\MiKTeX\tex/latex/trimspaces\trimspaces.s
ty
Package: trimspaces 2009/09/17 v1.1 Trim spaces around a token list
))
\TPTL@width=\skip278
) (USPSC-classe/ABNT6023-10520.sty

LaTeX Warning: You have requested package `USPSC-classe/ABNT6023-10520',
               but the package provides `ABNT6023-2013'.

Package: ABNT6023-2013 
)

LaTeX Warning: \include should only be used after \begin{document} on input lin
e 83.

(USPSC-pre-textual-IFSC.tex)
Package hyperref Info: Option `colorlinks' set `true' on input line 104.
\USPSC-modelo-IFSCe@idxfile=\write6
\openout6 = `USPSC-modelo-IFSCe.idx'.


Writing index file USPSC-modelo-IFSCe.idx 

Package chemmacros Info: You haven't chosen a formula method so I'm assuming
(chemmacros)             the default method `chemformula'.


(C:\Users\camil\AppData\Local\Programs\MiKTeX\tex/latex/chemformula\chemformula
.sty (C:\Users\camil\AppData\Local\Programs\MiKTeX\tex/latex/units\nicefrac.sty
Package: nicefrac 1998/08/04 v0.9b Nice fractions
\L@UnitsRaiseDisplaystyle=\skip279
\L@UnitsRaiseTextstyle=\skip280
\L@UnitsRaiseScriptstyle=\skip281
)
Package: chemformula 2022/01/23 v4.17 typeset chemical compounds and reactions 
(CN)
\l__chemformula_tmpa_dim=\dimen389
\l__chemformula_tmpb_dim=\dimen390
\l__chemformula_tmpc_dim=\dimen391
\l__chemformula_tmpa_int=\count466
\l__chemformula_tmpb_int=\count467
\l__chemformula_tmpc_int=\count468
\l__chemformula_tmpa_box=\box151
\l__chemformula_tmpb_box=\box152
\l__chemformula_arrow_length_dim=\dimen392
\l__chemformula_arrow_label_height_dim=\dimen393
\l__chemformula_arrow_label_offset_dim=\dimen394
\l__chemformula_arrow_minimum_length_dim=\dimen395
\l__chemformula_arrow_shortage_dim=\dimen396
\l__chemformula_arrow_offset_dim=\dimen397
\l__chemformula_arrow_yshift_dim=\dimen398
\l__chemformula_radical_radius_dim=\dimen399
\l__chemformula_radical_hshift_dim=\dimen400
\l__chemformula_radical_vshift_dim=\dimen401
\l__chemformula_radical_space_dim=\dimen402
\l__chemformula_arrow_head_dim=\dimen403
\l__chemformula_name_dim=\dimen404
\l__chemformula_adduct_space_dim=\dimen405
\l__chemformula_charge_shift_dim=\dimen406
\l__chemformula_subscript_shift_dim=\dimen407
\l__chemformula_superscript_shift_dim=\dimen408
\l__chemformula_subscript_dim=\dimen409
\l__chemformula_superscript_dim=\dimen410
\l__chemformula_bond_dim=\dimen411
\l__chemformula_bond_space_dim=\dimen412
\l__chemformula_elspec_pair_distance_dim=\dimen413
\l__chemformula_elspec_pair_line_length_dim=\dimen414
\l__chemformula_elspec_pair_width_dim=\dimen415
\l__chemformula_kroegervink_positive_radius_dim=\dimen416
\l__chemformula_kroegervink_positive_hshift_dim=\dimen417
\l__chemformula_kroegervink_positive_vshift_dim=\dimen418
\l__chemformula_kroegervink_positive_space_dim=\dimen419
\l__chemformula_stoich_space_skip=\skip282
\l__chemformula_math_space_skip=\skip283
\l__chemformula_additions_symbol_space_skip=\skip284
\l__chemformula_count_tokens_int=\count469
\g__chemformula_lewis_int=\count470
\l__chemformula_arrow_arg_i_box=\box153
\l__chemformula_arrow_arg_ii_box=\box154
\l__chemformula_superscript_box=\box155
\l__chemformula_subscript_box=\box156
\l__chemformula_plus_space_skip=\skip285
\l__chemformula_minus_space_skip=\skip286
)

Package chemmacros Info: Using float defining method `float'.

\@float@every@scheme=\toks54
\c@scheme=\count471
LaTeX Font Info:    Trying to load font information for T1+lmr on input line 11
8.
 (C:\Users\camil\AppData\Local\Programs\MiKTeX\tex/latex/lm\t1lmr.fd
File: t1lmr.fd 2015/05/01 v1.6.1 Font defs for Latin Modern
)
(USPSC-modelo-IFSCe.aux
Package babel Info: 'brazil' activates 'portuges' shorthands.
(babel)             Reported on input line 28.
 (USPSC-TA-PreTextual/USPSC-Errata.aux)
(USPSC-TA-PreTextual/USPSC-Dedicatoria.aux)
(USPSC-TA-PreTextual/USPSC-Agradecimentos.aux)
(USPSC-TA-PreTextual/USPSC-Epigrafe.aux)
(USPSC-TA-PreTextual/USPSC-Abstract.aux) (USPSC-TA-PreTextual/USPSC-Resumo.aux)
(USPSC-TA-PreTextual/USPSC-AbreviaturasSiglas.aux)
(USPSC-TA-PreTextual/USPSC-Simbolos.aux)
(USPSC-TA-Textual/USPSC-Cap1-Introduction.aux)
(USPSC-TA-Textual/USPSC-Cap2-OpenQuantumSystems.aux)
(USPSC-TA-Textual/USPSC-Cap3-QuantumThermodynamics.aux)
(USPSC-TA-Textual/USPSC-Cap4-Results-Discrete-Continuous-Systems.aux)
(USPSC-TA-Textual/USPSC-Cap5-Conclusion.aux)
(USPSC-TA-PosTextual/USPSC-Apendices.aux) (USPSC-TA-PosTextual/USPSC-Anexos.aux
) (USPSC-IndicesRemissivos.aux))
\openout1 = `USPSC-modelo-IFSCe.aux'.

LaTeX Font Info:    Checking defaults for OML/cmm/m/it on input line 118.
LaTeX Font Info:    ... okay on input line 118.
LaTeX Font Info:    Checking defaults for OMS/cmsy/m/n on input line 118.
LaTeX Font Info:    ... okay on input line 118.
LaTeX Font Info:    Checking defaults for OT1/cmr/m/n on input line 118.
LaTeX Font Info:    ... okay on input line 118.
LaTeX Font Info:    Checking defaults for T1/cmr/m/n on input line 118.
LaTeX Font Info:    ... okay on input line 118.
LaTeX Font Info:    Checking defaults for TS1/cmr/m/n on input line 118.
LaTeX Font Info:    ... okay on input line 118.
LaTeX Font Info:    Checking defaults for OMX/cmex/m/n on input line 118.
LaTeX Font Info:    ... okay on input line 118.
LaTeX Font Info:    Checking defaults for U/cmr/m/n on input line 118.
LaTeX Font Info:    ... okay on input line 118.
LaTeX Font Info:    Checking defaults for PD1/pdf/m/n on input line 118.
LaTeX Font Info:    ... okay on input line 118.
LaTeX Font Info:    Checking defaults for PU/pdf/m/n on input line 118.
LaTeX Font Info:    ... okay on input line 118.

(C:\Users\camil\AppData\Local\Programs\MiKTeX\tex/context/base/mkii\supp-pdf.mk
ii
[Loading MPS to PDF converter (version 2006.09.02).]
\scratchcounter=\count472
\scratchdimen=\dimen420
\scratchbox=\box157
\nofMPsegments=\count473
\nofMParguments=\count474
\everyMPshowfont=\toks55
\MPscratchCnt=\count475
\MPscratchDim=\dimen421
\MPnumerator=\count476
\makeMPintoPDFobject=\count477
\everyMPtoPDFconversion=\toks56
)
(C:\Users\camil\AppData\Local\Programs\MiKTeX\tex/latex/epstopdf-pkg\epstopdf-b
ase.sty
Package: epstopdf-base 2020-01-24 v2.11 Base part for package epstopdf
Package epstopdf-base Info: Redefining graphics rule for `.eps' on input line 4
85.

(C:\Users\camil\AppData\Local\Programs\MiKTeX\tex/latex/00miktex\epstopdf-sys.c
fg
File: epstopdf-sys.cfg 2021/03/18 v2.0 Configuration of epstopdf for MiKTeX
))
Package hyperref Info: Link coloring ON on input line 118.
\myptabbox=\box158
\myptabboxwidth=\skip287

(C:\Users\camil\AppData\Local\Programs\MiKTeX\tex/latex/translations/dicts\tran
slations-basic-dictionary-brazil.trsl
File: translations-basic-dictionary-brazil.trsl (brazil translation file `trans
lations-basic-dictionary')
)
Package translations Info: loading dictionary `translations-basic-dictionary' f
or `brazil'. on input line 118.

(C:\Users\camil\AppData\Local\Programs\MiKTeX\tex/latex/translations/dicts\tran
slations-basic-dictionary-english.trsl
File: translations-basic-dictionary-english.trsl (english translation file `tra
nslations-basic-dictionary')
)
Package translations Info: loading dictionary `translations-basic-dictionary' f
or `english'. on input line 118.

Package chemgreek Info: Activating mapping `upgreek' on line 118.


(C:\Users\camil\AppData\Local\Programs\MiKTeX\tex/latex/pdflscape\pdflscape.sty
Package: pdflscape 2022-10-27 v0.13 Display of landscape pages in PDF

(C:\Users\camil\AppData\Local\Programs\MiKTeX\tex/latex/pdflscape\pdflscape-nom
etadata.sty
Package: pdflscape-nometadata 2022-10-28 v0.13 Display of landscape pages in PD
F (HO)

(C:\Users\camil\AppData\Local\Programs\MiKTeX\tex/latex/graphics\lscape.sty
Package: lscape 2020/05/28 v3.02 Landscape Pages (DPC)
)
Package pdflscape Info: Auto-detected driver: pdftex on input line 81.
))
(C:\Users\camil\AppData\Local\Programs\MiKTeX\tex/latex/elements\elements_names
_brazil.def)
LaTeX Font Info:    Trying to load font information for T1+lmss on input line 1
34.

(C:\Users\camil\AppData\Local\Programs\MiKTeX\tex/latex/lm\t1lmss.fd
File: t1lmss.fd 2015/05/01 v1.6.1 Font defs for Latin Modern
) [1
Non-PDF special ignored!
<special> header=psfrag.pro

{C:/Users/camil/AppData/Local/MiKTeX/fonts/map/pdftex/pdftex.map}{C:/Users/cami
l/AppData/Local/Programs/MiKTeX/fonts/enc/dvips/lm/lm-ec.enc}] [2

]
Underfull \hbox (badness 3657) in paragraph at lines 136--136
[]\T1/lmr/m/n/12 Dissertation presented to the Graduate
 []


Underfull \hbox (badness 10000) in paragraph at lines 136--136
[]\T1/lmr/m/n/12 Concentration area: Theoretical and
 []

LaTeX Font Info:    Trying to load font information for OT1+lmr on input line 1
36.
(C:\Users\camil\AppData\Local\Programs\MiKTeX\tex/latex/lm\ot1lmr.fd
File: ot1lmr.fd 2015/05/01 v1.6.1 Font defs for Latin Modern
)
LaTeX Font Info:    Trying to load font information for OML+lmm on input line 1
36.

(C:\Users\camil\AppData\Local\Programs\MiKTeX\tex/latex/lm\omllmm.fd
File: omllmm.fd 2015/05/01 v1.6.1 Font defs for Latin Modern
)
LaTeX Font Info:    Trying to load font information for OMS+lmsy on input line 
136.

(C:\Users\camil\AppData\Local\Programs\MiKTeX\tex/latex/lm\omslmsy.fd
File: omslmsy.fd 2015/05/01 v1.6.1 Font defs for Latin Modern
)
LaTeX Font Info:    Trying to load font information for OMX+lmex on input line 
136.

(C:\Users\camil\AppData\Local\Programs\MiKTeX\tex/latex/lm\omxlmex.fd
File: omxlmex.fd 2015/05/01 v1.6.1 Font defs for Latin Modern
)
LaTeX Font Info:    External font `lmex10' loaded for size
(Font)              <12> on input line 136.
LaTeX Font Info:    External font `lmex10' loaded for size
(Font)              <8> on input line 136.
LaTeX Font Info:    External font `lmex10' loaded for size
(Font)              <6> on input line 136.
LaTeX Font Info:    Trying to load font information for U+msa on input line 136
.

(C:\Users\camil\AppData\Local\Programs\MiKTeX\tex/latex/amsfonts\umsa.fd
File: umsa.fd 2013/01/14 v3.01 AMS symbols A
)
LaTeX Font Info:    Trying to load font information for U+msb on input line 136
.

(C:\Users\camil\AppData\Local\Programs\MiKTeX\tex/latex/amsfonts\umsb.fd
File: umsb.fd 2013/01/14 v3.01 AMS symbols B
)
pdfTeX warning (ext4): destination with the same identifier (name{page.1}) has 
been already used, duplicate ignored
<to be read again> 
                   \relax 
l.136 
       [1


]
<USPSC-TA-PreTextual/USPSC-fichacatalografica.pdf, id=22, 597.55246pt x 845.077
18pt>
File: USPSC-TA-PreTextual/USPSC-fichacatalografica.pdf Graphic file (type pdf)
<use USPSC-TA-PreTextual/USPSC-fichacatalografica.pdf>
Package pdftex.def Info: USPSC-TA-PreTextual/USPSC-fichacatalografica.pdf  used
 on input line 138.
(pdftex.def)             Requested size: 597.551pt x 845.07512pt.
<USPSC-TA-PreTextual/USPSC-fichacatalografica.pdf, id=24, page=1, 597.55246pt x
 845.07718pt>
File: USPSC-TA-PreTextual/USPSC-fichacatalografica.pdf Graphic file (type pdf)
<use USPSC-TA-PreTextual/USPSC-fichacatalografica.pdf, page 1>
Package pdftex.def Info: USPSC-TA-PreTextual/USPSC-fichacatalografica.pdf , pag
e1 used on input line 138.
(pdftex.def)             Requested size: 597.551pt x 845.07512pt.
File: USPSC-TA-PreTextual/USPSC-fichacatalografica.pdf Graphic file (type pdf)
<use USPSC-TA-PreTextual/USPSC-fichacatalografica.pdf, page 1>
Package pdftex.def Info: USPSC-TA-PreTextual/USPSC-fichacatalografica.pdf , pag
e1 used on input line 138.
(pdftex.def)             Requested size: 597.57834pt x 845.1138pt.
File: USPSC-TA-PreTextual/USPSC-fichacatalografica.pdf Graphic file (type pdf)
<use USPSC-TA-PreTextual/USPSC-fichacatalografica.pdf, page 1>
Package pdftex.def Info: USPSC-TA-PreTextual/USPSC-fichacatalografica.pdf , pag
e1 used on input line 138.
(pdftex.def)             Requested size: 597.57834pt x 845.1138pt.
File: USPSC-TA-PreTextual/USPSC-fichacatalografica.pdf Graphic file (type pdf)
<use USPSC-TA-PreTextual/USPSC-fichacatalografica.pdf, page 1>
Package pdftex.def Info: USPSC-TA-PreTextual/USPSC-fichacatalografica.pdf , pag
e1 used on input line 138.
(pdftex.def)             Requested size: 597.57834pt x 845.1138pt.

pdfTeX warning (ext4): destination with the same identifier (name{page.2}) has 
been already used, duplicate ignored
<to be read again> 
                   \relax 
l.138 ...-PreTextual/USPSC-fichacatalografica.pdf}
                                                  
File: USPSC-TA-PreTextual/USPSC-fichacatalografica.pdf Graphic file (type pdf)
<use USPSC-TA-PreTextual/USPSC-fichacatalografica.pdf, page 1>
Package pdftex.def Info: USPSC-TA-PreTextual/USPSC-fichacatalografica.pdf , pag
e1 used on input line 138.
(pdftex.def)             Requested size: 597.57834pt x 845.1138pt.
 [2

 <./USPSC-TA-PreTextual/USPSC-fichacatalografica.pdf>]
\openout2 = `USPSC-TA-PreTextual/USPSC-Errata.aux'.

 (USPSC-TA-PreTextual/USPSC-Errata.tex

LaTeX Warning: Citation `nbr14724' on page 3 undefined on input line 4.

LaTeX Font Info:    External font `lmex10' loaded for size
(Font)              <10.95> on input line 25.
[3


] [4

])
<USPSC-TA-PreTextual/USPSC-folhadeaprovacao.pdf, id=51, 597.55246pt x 845.07718
pt>
File: USPSC-TA-PreTextual/USPSC-folhadeaprovacao.pdf Graphic file (type pdf)
<use USPSC-TA-PreTextual/USPSC-folhadeaprovacao.pdf>
Package pdftex.def Info: USPSC-TA-PreTextual/USPSC-folhadeaprovacao.pdf  used o
n input line 144.
(pdftex.def)             Requested size: 597.551pt x 845.07512pt.
<USPSC-TA-PreTextual/USPSC-folhadeaprovacao.pdf, id=53, page=1, 597.55246pt x 8
45.07718pt>
File: USPSC-TA-PreTextual/USPSC-folhadeaprovacao.pdf Graphic file (type pdf)
<use USPSC-TA-PreTextual/USPSC-folhadeaprovacao.pdf, page 1>
Package pdftex.def Info: USPSC-TA-PreTextual/USPSC-folhadeaprovacao.pdf , page1
 used on input line 144.
(pdftex.def)             Requested size: 597.551pt x 845.07512pt.
File: USPSC-TA-PreTextual/USPSC-folhadeaprovacao.pdf Graphic file (type pdf)
<use USPSC-TA-PreTextual/USPSC-folhadeaprovacao.pdf, page 1>
Package pdftex.def Info: USPSC-TA-PreTextual/USPSC-folhadeaprovacao.pdf , page1
 used on input line 144.
(pdftex.def)             Requested size: 597.57834pt x 845.1138pt.
File: USPSC-TA-PreTextual/USPSC-folhadeaprovacao.pdf Graphic file (type pdf)
<use USPSC-TA-PreTextual/USPSC-folhadeaprovacao.pdf, page 1>
Package pdftex.def Info: USPSC-TA-PreTextual/USPSC-folhadeaprovacao.pdf , page1
 used on input line 144.
(pdftex.def)             Requested size: 597.57834pt x 845.1138pt.
File: USPSC-TA-PreTextual/USPSC-folhadeaprovacao.pdf Graphic file (type pdf)
<use USPSC-TA-PreTextual/USPSC-folhadeaprovacao.pdf, page 1>
Package pdftex.def Info: USPSC-TA-PreTextual/USPSC-folhadeaprovacao.pdf , page1
 used on input line 144.
(pdftex.def)             Requested size: 597.57834pt x 845.1138pt.
File: USPSC-TA-PreTextual/USPSC-folhadeaprovacao.pdf Graphic file (type pdf)
<use USPSC-TA-PreTextual/USPSC-folhadeaprovacao.pdf, page 1>
Package pdftex.def Info: USPSC-TA-PreTextual/USPSC-folhadeaprovacao.pdf , page1
 used on input line 144.
(pdftex.def)             Requested size: 597.57834pt x 845.1138pt.
 [5



 <./USPSC-TA-PreTextual/USPSC-folhadeaprovacao.pdf>]
<USPSC-TA-PreTextual/USPSC-PaginaEmBranco.pdf, id=65, 597.55246pt x 845.07718pt
>
File: USPSC-TA-PreTextual/USPSC-PaginaEmBranco.pdf Graphic file (type pdf)
<use USPSC-TA-PreTextual/USPSC-PaginaEmBranco.pdf>
Package pdftex.def Info: USPSC-TA-PreTextual/USPSC-PaginaEmBranco.pdf  used on 
input line 145.
(pdftex.def)             Requested size: 597.551pt x 845.07512pt.
<USPSC-TA-PreTextual/USPSC-PaginaEmBranco.pdf, id=67, page=1, 597.55246pt x 845
.07718pt>
File: USPSC-TA-PreTextual/USPSC-PaginaEmBranco.pdf Graphic file (type pdf)
<use USPSC-TA-PreTextual/USPSC-PaginaEmBranco.pdf, page 1>
Package pdftex.def Info: USPSC-TA-PreTextual/USPSC-PaginaEmBranco.pdf , page1 u
sed on input line 145.
(pdftex.def)             Requested size: 597.551pt x 845.07512pt.
File: USPSC-TA-PreTextual/USPSC-PaginaEmBranco.pdf Graphic file (type pdf)
<use USPSC-TA-PreTextual/USPSC-PaginaEmBranco.pdf, page 1>
Package pdftex.def Info: USPSC-TA-PreTextual/USPSC-PaginaEmBranco.pdf , page1 u
sed on input line 145.
(pdftex.def)             Requested size: 597.57834pt x 845.1138pt.
File: USPSC-TA-PreTextual/USPSC-PaginaEmBranco.pdf Graphic file (type pdf)
<use USPSC-TA-PreTextual/USPSC-PaginaEmBranco.pdf, page 1>
Package pdftex.def Info: USPSC-TA-PreTextual/USPSC-PaginaEmBranco.pdf , page1 u
sed on input line 145.
(pdftex.def)             Requested size: 597.57834pt x 845.1138pt.
File: USPSC-TA-PreTextual/USPSC-PaginaEmBranco.pdf Graphic file (type pdf)
<use USPSC-TA-PreTextual/USPSC-PaginaEmBranco.pdf, page 1>
Package pdftex.def Info: USPSC-TA-PreTextual/USPSC-PaginaEmBranco.pdf , page1 u
sed on input line 145.
(pdftex.def)             Requested size: 597.57834pt x 845.1138pt.
File: USPSC-TA-PreTextual/USPSC-PaginaEmBranco.pdf Graphic file (type pdf)
<use USPSC-TA-PreTextual/USPSC-PaginaEmBranco.pdf, page 1>
Package pdftex.def Info: USPSC-TA-PreTextual/USPSC-PaginaEmBranco.pdf , page1 u
sed on input line 145.
(pdftex.def)             Requested size: 597.57834pt x 845.1138pt.
 [6

 <./USPSC-TA-PreTextual/USPSC-PaginaEmBranco.pdf>]
\openout2 = `USPSC-TA-PreTextual/USPSC-Dedicatoria.aux'.


(USPSC-TA-PreTextual/USPSC-Dedicatoria.tex [7

] [8

])
\openout2 = `USPSC-TA-PreTextual/USPSC-Agradecimentos.aux'.


(USPSC-TA-PreTextual/USPSC-Agradecimentos.tex [9




] [10

])
\openout2 = `USPSC-TA-PreTextual/USPSC-Epigrafe.aux'.


(USPSC-TA-PreTextual/USPSC-Epigrafe.tex [11



] [12

])
\openout2 = `USPSC-TA-PreTextual/USPSC-Abstract.aux'.


(USPSC-TA-PreTextual/USPSC-Abstract.tex [13



] [14

])
\openout2 = `USPSC-TA-PreTextual/USPSC-Resumo.aux'.


(USPSC-TA-PreTextual/USPSC-Resumo.tex

LaTeX Warning: Citation `nbr6028' on page 15 undefined on input line 15.

[15



] [16

]) (USPSC-modelo-IFSCe.lof
Overfull \hbox (0.30606pt too wide) in paragraph at lines 6--6
 [][] [][][]\T1/lmr/m/n/12 Statistical ve-loc-ity for XX-model. Each line cor-r
e-spond to cool-ing (blue) 
 []


Overfull \hbox (2.95233pt too wide) in paragraph at lines 7--7
 \T1/lmr/m/n/12 cool-ing (blue) or heat-ing (red) pro-cesses with (solid) or wi
th-out (dashed) 
 []


Underfull \vbox (badness 10000) has occurred while \output is active []

 [17


{C:/Users/camil/AppData/Local/Programs/MiKTeX/fonts/enc/dvips/lm/lm-mathit.enc}
{C:/Users/camil/AppData/Local/Programs/MiKTeX/fonts/enc/dvips/lm/lm-rm.enc}]) [
18]
(USPSC-modelo-IFSCe.lot) [19

] [20

] (USPSC-modelo-IFSCe.loq) [21] [22

]
\openout2 = `USPSC-TA-PreTextual/USPSC-AbreviaturasSiglas.aux'.


(USPSC-TA-PreTextual/USPSC-AbreviaturasSiglas.tex [23


] [24

])
\openout2 = `USPSC-TA-PreTextual/USPSC-Simbolos.aux'.


(USPSC-TA-PreTextual/USPSC-Simbolos.tex [25




{C:/Users/camil/AppData/Local/Programs/MiKTeX/fonts/enc/dvips/lm/lm-mathsy.enc}
] [26

]) (USPSC-modelo-IFSCe.toc
LaTeX Font Info:    External font `lmex10' loaded for size
(Font)              <14.4> on input line 46.
LaTeX Font Info:    External font `lmex10' loaded for size
(Font)              <10> on input line 46.
LaTeX Font Info:    External font `lmex10' loaded for size
(Font)              <7> on input line 46.

[27


]) [28]
\openout2 = `USPSC-TA-Textual/USPSC-Cap1-Introduction.aux'.

 (USPSC-TA-Textual/USPSC-Cap1-Introduction.tex
Chapter 1.
) [29



]
\openout2 = `USPSC-TA-Textual/USPSC-Cap2-OpenQuantumSystems.aux'.

 (USPSC-TA-Textual/USPSC-Cap2-OpenQuantumSystems.tex [30




]
Chapter 2.
[31{C:/Users/camil/AppData/Local/Programs/MiKTeX/fonts/enc/dvips/lm/lm-mathex.e
nc}]
<Images/open-systems-scheme.png, id=380, 478.78876pt x 537.50812pt>
File: Images/open-systems-scheme.png Graphic file (type png)
<use Images/open-systems-scheme.png>
Package pdftex.def Info: Images/open-systems-scheme.png  used on input line 47.

(pdftex.def)             Requested size: 159.25278pt x 178.78072pt.
 [32
pdfTeX warning (ext4): destination with the same identifier (name{figure.2.1}) 
has been already used, duplicate ignored
<argument> ...shipout:D \box_use:N \l_shipout_box 
                                                  \__shipout_drop_firstpage_...
l.58 \begin{equation}
                      <./Images/open-systems-scheme.png (PNG copy)>] [33]
[34] [35] [36]) [37]
\openout2 = `USPSC-TA-Textual/USPSC-Cap3-QuantumThermodynamics.aux'.

 (USPSC-TA-Textual/USPSC-Cap3-QuantumThermodynamics.tex
[38




]
Chapter 3.
) [39]
\openout2 = `USPSC-TA-Textual/USPSC-Cap4-Results-Discrete-Continuous-Systems.au
x'.

 (USPSC-TA-Textual/USPSC-Cap4-Results-Discrete-Continuous-Systems.tex
[40




]
Chapter 4.

Overfull \hbox (5.28362pt too wide) in paragraph at lines 4--5
\T1/lmr/m/n/12 variable mod-els. Quan-tum me-chan-ics is for-mu-lated in both d
is-crete and con-tin-u-ous regimes,
 []

[41]
<Images/Qubits/model-2-qubits.png, id=500, 591.71063pt x 425.33907pt>
File: Images/Qubits/model-2-qubits.png Graphic file (type png)
<use Images/Qubits/model-2-qubits.png>
Package pdftex.def Info: Images/Qubits/model-2-qubits.png  used on input line 4
4.
(pdftex.def)             Requested size: 159.25278pt x 114.47313pt.
 [42
pdfTeX warning (ext4): destination with the same identifier (name{table.4.1}) h
as been already used, duplicate ignored
<argument> ...shipout:D \box_use:N \l_shipout_box 
                                                  \__shipout_drop_firstpage_...
l.57 \begin{equation}
                     
pdfTeX warning (ext4): destination with the same identifier (name{figure.4.2}) 
has been already used, duplicate ignored
<argument> ...shipout:D \box_use:N \l_shipout_box 
                                                  \__shipout_drop_firstpage_...
l.57 \begin{equation}
                      <./Images/Qubits/model-2-qubits.png (PNG copy)>] [43]
<Images/Qubits/XX/completion-xx.png, id=524, 722.7pt x 361.35pt>
File: Images/Qubits/XX/completion-xx.png Graphic file (type png)
<use Images/Qubits/XX/completion-xx.png>
Package pdftex.def Info: Images/Qubits/XX/completion-xx.png  used on input line
 95.
(pdftex.def)             Requested size: 364.00139pt x 182.00337pt.
<Images/Qubits/XX/velocity-xx.png, id=526, 722.7pt x 361.35pt>
File: Images/Qubits/XX/velocity-xx.png Graphic file (type png)
<use Images/Qubits/XX/velocity-xx.png>
Package pdftex.def Info: Images/Qubits/XX/velocity-xx.png  used on input line 1
02.
(pdftex.def)             Requested size: 364.00139pt x 182.00337pt.
<Images/Qubits/XX/sprod-xx.png, id=530, 722.7pt x 361.35pt>
File: Images/Qubits/XX/sprod-xx.png Graphic file (type png)
<use Images/Qubits/XX/sprod-xx.png>
Package pdftex.def Info: Images/Qubits/XX/sprod-xx.png  used on input line 111.

(pdftex.def)             Requested size: 364.00139pt x 182.00337pt.
<Images/Qubits/XX/MI-xx.png, id=531, 462.528pt x 346.896pt>
File: Images/Qubits/XX/MI-xx.png Graphic file (type png)
<use Images/Qubits/XX/MI-xx.png>
Package pdftex.def Info: Images/Qubits/XX/MI-xx.png  used on input line 118.
(pdftex.def)             Requested size: 227.5pt x 170.62628pt.
<Images/Qubits/XX/EoF-xx.png, id=532, 462.528pt x 346.896pt>
File: Images/Qubits/XX/EoF-xx.png Graphic file (type png)
<use Images/Qubits/XX/EoF-xx.png>
Package pdftex.def Info: Images/Qubits/XX/EoF-xx.png  used on input line 125.
(pdftex.def)             Requested size: 227.5pt x 170.62628pt.

Underfull \vbox (badness 7415) has occurred while \output is active []

 [44
pdfTeX warning (ext4): destination with the same identifier (name{figure.4.3}) 
has been already used, duplicate ignored
<argument> ...shipout:D \box_use:N \l_shipout_box 
                                                  \__shipout_drop_firstpage_...
l.131 
       <./Images/Qubits/XX/completion-xx.png>]
<Images/Qubits/XX/completion-assimetria-xx.png, id=542, 722.7pt x 361.35pt>
File: Images/Qubits/XX/completion-assimetria-xx.png Graphic file (type png)
<use Images/Qubits/XX/completion-assimetria-xx.png>
Package pdftex.def Info: Images/Qubits/XX/completion-assimetria-xx.png  used on
 input line 134.
(pdftex.def)             Requested size: 409.49722pt x 204.74759pt.

Underfull \vbox (badness 10000) has occurred while \output is active []

 [45
pdfTeX warning (ext4): destination with the same identifier (name{figure.4.4}) 
has been already used, duplicate ignored
<argument> ...shipout:D \box_use:N \l_shipout_box 
                                                  \__shipout_drop_firstpage_...
l.155 \begin{equation}
                      
pdfTeX warning (ext4): destination with the same identifier (name{figure.4.5}) 
has been already used, duplicate ignored
<argument> ...shipout:D \box_use:N \l_shipout_box 
                                                  \__shipout_drop_firstpage_...
l.155 \begin{equation}
                       <./Images/Qubits/XX/velocity-xx.png> <./Images/Qubits/XX
/sprod-xx.png>] [46
pdfTeX warning (ext4): destination with the same identifier (name{figure.4.6}) 
has been already used, duplicate ignored
<argument> ...shipout:D \box_use:N \l_shipout_box 
                                                  \__shipout_drop_firstpage_...
l.161 \begin{align}
                   
pdfTeX warning (ext4): destination with the same identifier (name{figure.4.7}) 
has been already used, duplicate ignored
<argument> ...shipout:D \box_use:N \l_shipout_box 
                                                  \__shipout_drop_firstpage_...
l.161 \begin{align}
                    <./Images/Qubits/XX/MI-xx.png> <./Images/Qubits/XX/EoF-xx.p
ng>]
Overfull \hbox (6.97847pt too wide) in paragraph at lines 172--173
\T1/lmr/m/n/12 For an $\OML/lmm/m/it/12 N$\T1/lmr/m/n/12 -mode sys-tems, the qu
adra-tures can be grouped into a vec-tor $[] \OT1/lmr/m/n/12 = ([]\OML/lmm/m/it
/12 ; [] ; []\OT1/lmr/m/n/12 )[] =
 []

[47
pdfTeX warning (ext4): destination with the same identifier (name{figure.4.8}) 
has been already used, duplicate ignored
<argument> ...shipout:D \box_use:N \l_shipout_box 
                                                  \__shipout_drop_firstpage_...
l.184 \begin{equation}
                       <./Images/Qubits/XX/completion-assimetria-xx.png>]
Overfull \hbox (4.85823pt too wide) in paragraph at lines 216--217
\T1/lmr/m/n/12 The deriva-tion of the Wigner dis-tri-bu-tion is in []apx:wigner
[]. Here, $\OT1/lmr/bx/n/12 q$ \T1/lmr/m/n/12 and $\OT1/lmr/bx/n/12 p$ \T1/lmr/
m/n/12 are $\OML/lmm/m/it/12 N$\T1/lmr/m/n/12 -dimensional
 []

[48] [49]
<Images/Gaussian/gaussian-operations.png, id=599, 496.10344pt x 202.50656pt>
File: Images/Gaussian/gaussian-operations.png Graphic file (type png)
<use Images/Gaussian/gaussian-operations.png>
Package pdftex.def Info: Images/Gaussian/gaussian-operations.png  used on input
 line 251.
(pdftex.def)             Requested size: 273.00278pt x 111.43764pt.
 [50
pdfTeX warning (ext4): destination with the same identifier (name{figure.4.9}) 
has been already used, duplicate ignored
<argument> ...shipout:D \box_use:N \l_shipout_box 
                                                  \__shipout_drop_firstpage_...
l.280 \begin{equation}
                       <./Images/Gaussian/gaussian-operations.png (PNG copy)>]
[51] [52]
<Images/Gaussian/Sprod-thermal.png, id=651, 462.528pt x 346.896pt>
File: Images/Gaussian/Sprod-thermal.png Graphic file (type png)
<use Images/Gaussian/Sprod-thermal.png>
Package pdftex.def Info: Images/Gaussian/Sprod-thermal.png  used on input line 
415.
(pdftex.def)             Requested size: 273.00278pt x 204.76213pt.
 [53]
<Images/Gaussian/completion-displaced.png, id=668, 1084.05pt x 361.35pt>
File: Images/Gaussian/completion-displaced.png Graphic file (type png)
<use Images/Gaussian/completion-displaced.png>
Package pdftex.def Info: Images/Gaussian/completion-displaced.png  used on inpu
t line 437.
(pdftex.def)             Requested size: 455.0pt x 151.66672pt.
 [54
pdfTeX warning (ext4): destination with the same identifier (name{figure.4.10})
 has been already used, duplicate ignored
<argument> ...shipout:D \box_use:N \l_shipout_box 
                                                  \__shipout_drop_firstpage_...
l.440 \end{figure}
                   <./Images/Gaussian/Sprod-thermal.png>]
<Images/Gaussian/K-displaced.png, id=680, 722.7pt x 361.35pt>
File: Images/Gaussian/K-displaced.png Graphic file (type png)
<use Images/Gaussian/K-displaced.png>
Package pdftex.def Info: Images/Gaussian/K-displaced.png  used on input line 44
8.
(pdftex.def)             Requested size: 318.49861pt x 159.24812pt.
<Images/Gaussian/Vw-displaced.png, id=681, 722.7pt x 361.35pt>
File: Images/Gaussian/Vw-displaced.png Graphic file (type png)
<use Images/Gaussian/Vw-displaced.png>
Package pdftex.def Info: Images/Gaussian/Vw-displaced.png  used on input line 4
55.
(pdftex.def)             Requested size: 318.49861pt x 159.24812pt.
 [55
pdfTeX warning (ext4): destination with the same identifier (name{figure.4.11})
 has been already used, duplicate ignored
<argument> ...shipout:D \box_use:N \l_shipout_box 
                                                  \__shipout_drop_firstpage_...
l.479 
       <./Images/Gaussian/completion-displaced.png>]
<Images/Gaussian/Sprod_contributions_displaced.png, id=692, 867.24pt x 578.16pt
>
File: Images/Gaussian/Sprod_contributions_displaced.png Graphic file (type png)

<use Images/Gaussian/Sprod_contributions_displaced.png>
Package pdftex.def Info: Images/Gaussian/Sprod_contributions_displaced.png  use
d on input line 482.
(pdftex.def)             Requested size: 455.0pt x 303.33563pt.
 [56
pdfTeX warning (ext4): destination with the same identifier (name{figure.4.12})
 has been already used, duplicate ignored
<argument> ...shipout:D \box_use:N \l_shipout_box 
                                                  \__shipout_drop_firstpage_...
l.499 \end{equation}
                    
pdfTeX warning (ext4): destination with the same identifier (name{figure.4.13})
 has been already used, duplicate ignored
<argument> ...shipout:D \box_use:N \l_shipout_box 
                                                  \__shipout_drop_firstpage_...
l.499 \end{equation}
                     <./Images/Gaussian/K-displaced.png> <./Images/Gaussian/Vw-
displaced.png>]
<Images/Gaussian/completion-squeezing.png, id=699, 722.7pt x 361.35pt>
File: Images/Gaussian/completion-squeezing.png Graphic file (type png)
<use Images/Gaussian/completion-squeezing.png>
Package pdftex.def Info: Images/Gaussian/completion-squeezing.png  used on inpu
t line 520.
(pdftex.def)             Requested size: 318.49861pt x 159.24812pt.
 [57
pdfTeX warning (ext4): destination with the same identifier (name{figure.4.14})
 has been already used, duplicate ignored
<argument> ...shipout:D \box_use:N \l_shipout_box 
                                                  \__shipout_drop_firstpage_...
l.529 \end{equation}
                     <./Images/Gaussian/Sprod_contributions_displaced.png>]
<Images/Gaussian/Sprod-contribution1-squeezing.png, id=715, 867.24pt x 433.62pt
>
File: Images/Gaussian/Sprod-contribution1-squeezing.png Graphic file (type png)

<use Images/Gaussian/Sprod-contribution1-squeezing.png>
Package pdftex.def Info: Images/Gaussian/Sprod-contribution1-squeezing.png  use
d on input line 545.
(pdftex.def)             Requested size: 364.00139pt x 182.00006pt.
<Images/Gaussian/Sprod-contribution2-squeezing.png, id=716, 867.24pt x 433.62pt
>
File: Images/Gaussian/Sprod-contribution2-squeezing.png Graphic file (type png)

<use Images/Gaussian/Sprod-contribution2-squeezing.png>
Package pdftex.def Info: Images/Gaussian/Sprod-contribution2-squeezing.png  use
d on input line 552.
(pdftex.def)             Requested size: 364.00139pt x 182.00006pt.

[58
pdfTeX warning (ext4): destination with the same identifier (name{figure.4.15})
 has been already used, duplicate ignored
<argument> ...shipout:D \box_use:N \l_shipout_box 
                                                  \__shipout_drop_firstpage_...
l.561 
       <./Images/Gaussian/completion-squeezing.png>]
<Images/Gaussian/completion-invertion.png, id=724, 722.7pt x 361.35pt>
File: Images/Gaussian/completion-invertion.png Graphic file (type png)
<use Images/Gaussian/completion-invertion.png>
Package pdftex.def Info: Images/Gaussian/completion-invertion.png  used on inpu
t line 564.
(pdftex.def)             Requested size: 364.00139pt x 182.00337pt.
<Images/Gaussian/contributions-small-invertion.png, id=730, 867.24pt x 433.62pt
>
File: Images/Gaussian/contributions-small-invertion.png Graphic file (type png)

<use Images/Gaussian/contributions-small-invertion.png>
Package pdftex.def Info: Images/Gaussian/contributions-small-invertion.png  use
d on input line 575.
(pdftex.def)             Requested size: 364.00139pt x 182.00006pt.
<Images/Gaussian/contributions-big-inversion.png, id=731, 867.24pt x 433.62pt>
File: Images/Gaussian/contributions-big-inversion.png Graphic file (type png)
<use Images/Gaussian/contributions-big-inversion.png>
Package pdftex.def Info: Images/Gaussian/contributions-big-inversion.png  used 
on input line 582.
(pdftex.def)             Requested size: 364.00139pt x 182.00006pt.
) [59
pdfTeX warning (ext4): destination with the same identifier (name{figure.4.16})
 has been already used, duplicate ignored
<argument> ...shipout:D \box_use:N \l_shipout_box 
                                                  \__shipout_drop_firstpage_...
l.185 ...Cap4-Results-Discrete-Continuous-Systems}
                                                   <./Images/Gaussian/Sprod-con
tribution1-squeezing.png>] [60
pdfTeX warning (ext4): destination with the same identifier (name{figure.4.17})
 has been already used, duplicate ignored
<argument> ...shipout:D \box_use:N \l_shipout_box 
                                                  \__shipout_drop_firstpage_...
l.185 ...Cap4-Results-Discrete-Continuous-Systems}
                                                  
pdfTeX warning (ext4): destination with the same identifier (name{figure.4.18})
 has been already used, duplicate ignored
<argument> ...shipout:D \box_use:N \l_shipout_box 
                                                  \__shipout_drop_firstpage_...
l.185 ...Cap4-Results-Discrete-Continuous-Systems}
                                                   <./Images/Gaussian/Sprod-con
tribution2-squeezing.png> <./Images/Gaussian/completion-invertion.png>]
[61
pdfTeX warning (ext4): destination with the same identifier (name{figure.4.19})
 has been already used, duplicate ignored
<argument> ...shipout:D \box_use:N \l_shipout_box 
                                                  \__shipout_drop_firstpage_...
l.185 ...Cap4-Results-Discrete-Continuous-Systems}
                                                  
pdfTeX warning (ext4): destination with the same identifier (name{figure.4.20})
 has been already used, duplicate ignored
<argument> ...shipout:D \box_use:N \l_shipout_box 
                                                  \__shipout_drop_firstpage_...
l.185 ...Cap4-Results-Discrete-Continuous-Systems}
                                                   <./Images/Gaussian/contribut
ions-small-invertion.png> <./Images/Gaussian/contributions-big-inversion.png>]
\openout2 = `USPSC-TA-Textual/USPSC-Cap5-Conclusion.aux'.


(USPSC-TA-Textual/USPSC-Cap5-Conclusion.tex [62




]
Chapter 5.
) [63] (USPSC-modelo-IFSCe.bbl [64



]

Package hyperref Warning: Token not allowed in a PDF string (Unicode):
(hyperref)                removing `\uppercase' on input line 3.

bibitemlist
[65]) [66]
\openout2 = `USPSC-TA-PosTextual/USPSC-Apendices.aux'.

 (USPSC-TA-PosTextual/USPSC-Apendices.tex

Package hyperref Warning: Token not allowed in a PDF string (Unicode):
(hyperref)                removing `\uppercase' on input line 9.

[67



] [68]
APPENDIX A.

LaTeX Warning: Citation `nbr14724' on page 69 undefined on input line 10.


LaTeX Warning: Citation `aguia2020' on page 69 undefined on input line 12.

[69

] [70

]
APPENDIX B.
[71
pdfTeX warning (ext4): destination with the same identifier (name{table.B.2}) h
as been already used, duplicate ignored
<argument> ...shipout:D \box_use:N \l_shipout_box 
                                                  \__shipout_drop_firstpage_...
l.36 \chapter
             {Exemplo de tabela com grade}] [72

]
APPENDIX C.
) [73
pdfTeX warning (ext4): destination with the same identifier (name{table.C.3}) h
as been already used, duplicate ignored
<argument> ...shipout:D \box_use:N \l_shipout_box 
                                                  \__shipout_drop_firstpage_...
l.197 ...lude{USPSC-TA-PosTextual/USPSC-Apendices}
                                                  ]
\openout2 = `USPSC-TA-PosTextual/USPSC-Anexos.aux'.


(USPSC-TA-PosTextual/USPSC-Anexos.tex [74




]

Package hyperref Warning: Token not allowed in a PDF string (Unicode):
(hyperref)                removing `\uppercase' on input line 9.

[75

] [76]
ANNEX A.

LaTeX Warning: Citation `nbr14724' on page 77 undefined on input line 13.

[77

] [78

]
ANNEX B.
<USPSC-img/USPSC-AcentuacaoLaTeX.png, id=861, 225.84375pt x 353.06906pt>
File: USPSC-img/USPSC-AcentuacaoLaTeX.png Graphic file (type png)
<use USPSC-img/USPSC-AcentuacaoLaTeX.png>
Package pdftex.def Info: USPSC-img/USPSC-AcentuacaoLaTeX.png  used on input lin
e 21.
(pdftex.def)             Requested size: 225.84319pt x 353.06819pt.

LaTeX Warning: Citation `comandos' on page 79 undefined on input line 23.

) [79
pdfTeX warning (ext4): destination with the same identifier (name{figure.anexoc
hapback.2.21}) has been already used, duplicate ignored
<argument> ...shipout:D \box_use:N \l_shipout_box 
                                                  \__shipout_drop_firstpage_...
l.198 \include{USPSC-TA-PosTextual/USPSC-Anexos}
                                                 <./USPSC-img/USPSC-AcentuacaoL
aTeX.png>]
\openout2 = `USPSC-IndicesRemissivos.aux'.

 (USPSC-IndicesRemissivos.tex)
No file USPSC-modelo-IFSCe.ind.
\tf@lof=\write7
\openout7 = `USPSC-modelo-IFSCe.lof'.

\tf@lot=\write8
\openout8 = `USPSC-modelo-IFSCe.lot'.

\tf@loq=\write9
\openout9 = `USPSC-modelo-IFSCe.loq'.

\tf@toc=\write10
\openout10 = `USPSC-modelo-IFSCe.toc'.


enddocument/afterlastpage (AED): lastpage setting LastPage.
(USPSC-modelo-IFSCe.aux (USPSC-TA-PreTextual/USPSC-Errata.aux)
(USPSC-TA-PreTextual/USPSC-Dedicatoria.aux)
(USPSC-TA-PreTextual/USPSC-Agradecimentos.aux)
(USPSC-TA-PreTextual/USPSC-Epigrafe.aux)
(USPSC-TA-PreTextual/USPSC-Abstract.aux) (USPSC-TA-PreTextual/USPSC-Resumo.aux)
(USPSC-TA-PreTextual/USPSC-AbreviaturasSiglas.aux)
(USPSC-TA-PreTextual/USPSC-Simbolos.aux)
(USPSC-TA-Textual/USPSC-Cap1-Introduction.aux)
(USPSC-TA-Textual/USPSC-Cap2-OpenQuantumSystems.aux)
(USPSC-TA-Textual/USPSC-Cap3-QuantumThermodynamics.aux)
(USPSC-TA-Textual/USPSC-Cap4-Results-Discrete-Continuous-Systems.aux)
(USPSC-TA-Textual/USPSC-Cap5-Conclusion.aux)
(USPSC-TA-PosTextual/USPSC-Apendices.aux) (USPSC-TA-PosTextual/USPSC-Anexos.aux
) (USPSC-IndicesRemissivos.aux))
 ***********
LaTeX2e <2025-11-01>
L3 programming layer <2020/03/25>
 ***********


LaTeX Warning: There were undefined references.

 ) 
Here is how much of TeX's memory you used:
 41818 strings out of 467867
 905934 string characters out of 5418334
 1391971 words of memory out of 5000000
 69583 multiletter control sequences out of 15000+600000
 729459 words of font info for 122 fonts, out of 8000000 for 9000
 1141 hyphenation exceptions out of 8191
 99i,17n,108p,1428b,1425s stack positions out of 10000i,1000n,20000p,200000b,200000s
<C:/Users/camil/AppData/Local/Programs/MiKTeX/fonts/type1/public/lm/lmbx10.pf
b><C:/Users/camil/AppData/Local/Programs/MiKTeX/fonts/type1/public/lm/lmbx12.pf
b><C:/Users/camil/AppData/Local/Programs/MiKTeX/fonts/type1/public/lm/lmbx8.pfb
><C:/Users/camil/AppData/Local/Programs/MiKTeX/fonts/type1/public/lm/lmex10.pfb
><C:/Users/camil/AppData/Local/Programs/MiKTeX/fonts/type1/public/lm/lmmi12.pfb
><C:/Users/camil/AppData/Local/Programs/MiKTeX/fonts/type1/public/lm/lmmi6.pfb>
<C:/Users/camil/AppData/Local/Programs/MiKTeX/fonts/type1/public/lm/lmmi8.pfb><
C:/Users/camil/AppData/Local/Programs/MiKTeX/fonts/type1/public/lm/lmr10.pfb><C
:/Users/camil/AppData/Local/Programs/MiKTeX/fonts/type1/public/lm/lmr12.pfb><C:
/Users/camil/AppData/Local/Programs/MiKTeX/fonts/type1/public/lm/lmr6.pfb><C:/U
sers/camil/AppData/Local/Programs/MiKTeX/fonts/type1/public/lm/lmr8.pfb><C:/Use
rs/camil/AppData/Local/Programs/MiKTeX/fonts/type1/public/lm/lmri12.pfb><C:/Use
rs/camil/AppData/Local/Programs/MiKTeX/fonts/type1/public/lm/lmss12.pfb><C:/Use
rs/camil/AppData/Local/Programs/MiKTeX/fonts/type1/public/lm/lmssbx10.pfb><C:/U
sers/camil/AppData/Local/Programs/MiKTeX/fonts/type1/public/lm/lmsy10.pfb><C:/U
sers/camil/AppData/Local/Programs/MiKTeX/fonts/type1/public/lm/lmsy6.pfb><C:/Us
ers/camil/AppData/Local/Programs/MiKTeX/fonts/type1/public/lm/lmsy8.pfb><C:/Use
rs/camil/AppData/Local/Programs/MiKTeX/fonts/type1/public/amsfonts/symbols/msbm
10.pfb>
Output written on USPSC-modelo-IFSCe.pdf (81 pages, 1687066 bytes).
PDF statistics:
 1154 PDF objects out of 1200 (max. 8388607)
 310 named destinations out of 1000 (max. 500000)
 515 words of extra memory for PDF output out of 10000 (max. 10000000)

